2026-05-02 20:00:43.921 -05:00 [INF] Executed DbCommand (163ms) [Parameters=[], CommandType='"Text"', CommandTimeout='30']
SELECT CASE WHEN COUNT(*) = 0 THEN FALSE ELSE TRUE END
FROM pg_class AS cls
JOIN pg_namespace AS ns ON ns.oid = cls.relnamespace
WHERE
        cls.relkind IN ('r', 'v', 'm', 'f', 'p') AND
        ns.nspname NOT IN ('pg_catalog', 'information_schema') AND
        -- Exclude tables which are members of PG extensions
        NOT EXISTS (
            SELECT 1 FROM pg_depend WHERE
                classid=(
                    SELECT cls.oid
                    FROM pg_class AS cls
                             JOIN pg_namespace AS ns ON ns.oid = cls.relnamespace
                    WHERE relname='pg_class' AND ns.nspname='pg_catalog'
                ) AND
                objid=cls.oid AND
                deptype IN ('e', 'x')
        )
2026-05-02 20:00:44.572 -05:00 [INF] Executed DbCommand (30ms) [Parameters=[], CommandType='"Text"', CommandTimeout='30']
SELECT EXISTS (
    SELECT 1
    FROM providers AS p)
2026-05-02 20:00:44.709 -05:00 [INF] User profile is available. Using 'C:\Users\sofi_\AppData\Local\ASP.NET\DataProtection-Keys' as key repository and Windows DPAPI to encrypt keys at rest.
2026-05-02 20:00:44.911 -05:00 [ERR] Hosting failed to start
System.IO.IOException: Failed to bind to address http://127.0.0.1:5184: address already in use.
 ---> Microsoft.AspNetCore.Connections.AddressInUseException: Solo se permite un uso de cada dirección de socket (protocolo/dirección de red/puerto)
 ---> System.Net.Sockets.SocketException (10048): Solo se permite un uso de cada dirección de socket (protocolo/dirección de red/puerto)
   at System.Net.Sockets.Socket.UpdateStatusAfterSocketErrorAndThrowException(SocketError error, Boolean disconnectOnFailure, String callerName)
   at System.Net.Sockets.Socket.DoBind(EndPoint endPointSnapshot, SocketAddress socketAddress)
   at System.Net.Sockets.Socket.Bind(EndPoint localEP)
   at Microsoft.AspNetCore.Server.Kestrel.Transport.Sockets.SocketTransportOptions.CreateDefaultBoundListenSocket(EndPoint endpoint)
   at Microsoft.AspNetCore.Server.Kestrel.Transport.Sockets.SocketConnectionListener.Bind()
   --- End of inner exception stack trace ---
   at Microsoft.AspNetCore.Server.Kestrel.Transport.Sockets.SocketConnectionListener.Bind()
   at Microsoft.AspNetCore.Server.Kestrel.Transport.Sockets.SocketTransportFactory.BindAsync(EndPoint endpoint, CancellationToken cancellationToken)
   at Microsoft.AspNetCore.Server.Kestrel.Core.Internal.Infrastructure.TransportManager.BindAsync(EndPoint endPoint, ConnectionDelegate connectionDelegate, EndpointConfig endpointConfig, CancellationToken cancellationToken)
   at Microsoft.AspNetCore.Server.Kestrel.Core.KestrelServerImpl.<>c__DisplayClass28_0`1.<<StartAsync>g__OnBind|0>d.MoveNext()
--- End of stack trace from previous location ---
   at Microsoft.AspNetCore.Server.Kestrel.Core.Internal.AddressBinder.BindEndpointAsync(ListenOptions endpoint, AddressBindContext context, CancellationToken cancellationToken)
   --- End of inner exception stack trace ---
   at Microsoft.AspNetCore.Server.Kestrel.Core.Internal.AddressBinder.BindEndpointAsync(ListenOptions endpoint, AddressBindContext context, CancellationToken cancellationToken)
   at Microsoft.AspNetCore.Server.Kestrel.Core.LocalhostListenOptions.BindAsync(AddressBindContext context, CancellationToken cancellationToken)
   at Microsoft.AspNetCore.Server.Kestrel.Core.Internal.AddressBinder.AddressesStrategy.BindAsync(AddressBindContext context, CancellationToken cancellationToken)
   at Microsoft.AspNetCore.Server.Kestrel.Core.Internal.AddressBinder.BindAsync(ListenOptions[] listenOptions, AddressBindContext context, Func`2 useHttps, CancellationToken cancellationToken)
   at Microsoft.AspNetCore.Server.Kestrel.Core.KestrelServerImpl.BindAsync(CancellationToken cancellationToken)
   at Microsoft.AspNetCore.Server.Kestrel.Core.KestrelServerImpl.StartAsync[TContext](IHttpApplication`1 application, CancellationToken cancellationToken)
   at Microsoft.AspNetCore.Hosting.GenericWebHostService.StartAsync(CancellationToken cancellationToken)
   at Microsoft.Extensions.Hosting.Internal.Host.<StartAsync>b__15_1(IHostedService service, CancellationToken token)
   at Microsoft.Extensions.Hosting.Internal.Host.ForeachService[T](IEnumerable`1 services, CancellationToken token, Boolean concurrent, Boolean abortOnFirstException, List`1 exceptions, Func`3 operation)
2026-05-02 20:07:03.115 -05:00 [INF] Executed DbCommand (139ms) [Parameters=[], CommandType='"Text"', CommandTimeout='30']
SELECT CASE WHEN COUNT(*) = 0 THEN FALSE ELSE TRUE END
FROM pg_class AS cls
JOIN pg_namespace AS ns ON ns.oid = cls.relnamespace
WHERE
        cls.relkind IN ('r', 'v', 'm', 'f', 'p') AND
        ns.nspname NOT IN ('pg_catalog', 'information_schema') AND
        -- Exclude tables which are members of PG extensions
        NOT EXISTS (
            SELECT 1 FROM pg_depend WHERE
                classid=(
                    SELECT cls.oid
                    FROM pg_class AS cls
                             JOIN pg_namespace AS ns ON ns.oid = cls.relnamespace
                    WHERE relname='pg_class' AND ns.nspname='pg_catalog'
                ) AND
                objid=cls.oid AND
                deptype IN ('e', 'x')
        )
2026-05-02 20:07:03.780 -05:00 [INF] Executed DbCommand (20ms) [Parameters=[], CommandType='"Text"', CommandTimeout='30']
SELECT EXISTS (
    SELECT 1
    FROM providers AS p)
2026-05-02 20:07:03.880 -05:00 [INF] User profile is available. Using 'C:\Users\sofi_\AppData\Local\ASP.NET\DataProtection-Keys' as key repository and Windows DPAPI to encrypt keys at rest.
2026-05-02 20:07:04.078 -05:00 [ERR] Hosting failed to start
System.IO.IOException: Failed to bind to address http://127.0.0.1:5184: address already in use.
 ---> Microsoft.AspNetCore.Connections.AddressInUseException: Solo se permite un uso de cada dirección de socket (protocolo/dirección de red/puerto)
 ---> System.Net.Sockets.SocketException (10048): Solo se permite un uso de cada dirección de socket (protocolo/dirección de red/puerto)
   at System.Net.Sockets.Socket.UpdateStatusAfterSocketErrorAndThrowException(SocketError error, Boolean disconnectOnFailure, String callerName)
   at System.Net.Sockets.Socket.DoBind(EndPoint endPointSnapshot, SocketAddress socketAddress)
   at System.Net.Sockets.Socket.Bind(EndPoint localEP)
   at Microsoft.AspNetCore.Server.Kestrel.Transport.Sockets.SocketTransportOptions.CreateDefaultBoundListenSocket(EndPoint endpoint)
   at Microsoft.AspNetCore.Server.Kestrel.Transport.Sockets.SocketConnectionListener.Bind()
   --- End of inner exception stack trace ---
   at Microsoft.AspNetCore.Server.Kestrel.Transport.Sockets.SocketConnectionListener.Bind()
   at Microsoft.AspNetCore.Server.Kestrel.Transport.Sockets.SocketTransportFactory.BindAsync(EndPoint endpoint, CancellationToken cancellationToken)
   at Microsoft.AspNetCore.Server.Kestrel.Core.Internal.Infrastructure.TransportManager.BindAsync(EndPoint endPoint, ConnectionDelegate connectionDelegate, EndpointConfig endpointConfig, CancellationToken cancellationToken)
   at Microsoft.AspNetCore.Server.Kestrel.Core.KestrelServerImpl.<>c__DisplayClass28_0`1.<<StartAsync>g__OnBind|0>d.MoveNext()
--- End of stack trace from previous location ---
   at Microsoft.AspNetCore.Server.Kestrel.Core.Internal.AddressBinder.BindEndpointAsync(ListenOptions endpoint, AddressBindContext context, CancellationToken cancellationToken)
   --- End of inner exception stack trace ---
   at Microsoft.AspNetCore.Server.Kestrel.Core.Internal.AddressBinder.BindEndpointAsync(ListenOptions endpoint, AddressBindContext context, CancellationToken cancellationToken)
   at Microsoft.AspNetCore.Server.Kestrel.Core.LocalhostListenOptions.BindAsync(AddressBindContext context, CancellationToken cancellationToken)
   at Microsoft.AspNetCore.Server.Kestrel.Core.Internal.AddressBinder.AddressesStrategy.BindAsync(AddressBindContext context, CancellationToken cancellationToken)
   at Microsoft.AspNetCore.Server.Kestrel.Core.Internal.AddressBinder.BindAsync(ListenOptions[] listenOptions, AddressBindContext context, Func`2 useHttps, CancellationToken cancellationToken)
   at Microsoft.AspNetCore.Server.Kestrel.Core.KestrelServerImpl.BindAsync(CancellationToken cancellationToken)
   at Microsoft.AspNetCore.Server.Kestrel.Core.KestrelServerImpl.StartAsync[TContext](IHttpApplication`1 application, CancellationToken cancellationToken)
   at Microsoft.AspNetCore.Hosting.GenericWebHostService.StartAsync(CancellationToken cancellationToken)
   at Microsoft.Extensions.Hosting.Internal.Host.<StartAsync>b__15_1(IHostedService service, CancellationToken token)
   at Microsoft.Extensions.Hosting.Internal.Host.ForeachService[T](IEnumerable`1 services, CancellationToken token, Boolean concurrent, Boolean abortOnFirstException, List`1 exceptions, Func`3 operation)
2026-05-02 20:22:37.246 -05:00 [INF] Executed DbCommand (159ms) [Parameters=[], CommandType='"Text"', CommandTimeout='30']
SELECT CASE WHEN COUNT(*) = 0 THEN FALSE ELSE TRUE END
FROM pg_class AS cls
JOIN pg_namespace AS ns ON ns.oid = cls.relnamespace
WHERE
        cls.relkind IN ('r', 'v', 'm', 'f', 'p') AND
        ns.nspname NOT IN ('pg_catalog', 'information_schema') AND
        -- Exclude tables which are members of PG extensions
        NOT EXISTS (
            SELECT 1 FROM pg_depend WHERE
                classid=(
                    SELECT cls.oid
                    FROM pg_class AS cls
                             JOIN pg_namespace AS ns ON ns.oid = cls.relnamespace
                    WHERE relname='pg_class' AND ns.nspname='pg_catalog'
                ) AND
                objid=cls.oid AND
                deptype IN ('e', 'x')
        )
2026-05-02 20:22:37.787 -05:00 [INF] Executed DbCommand (15ms) [Parameters=[], CommandType='"Text"', CommandTimeout='30']
SELECT EXISTS (
    SELECT 1
    FROM providers AS p)
2026-05-02 20:22:37.873 -05:00 [INF] User profile is available. Using 'C:\Users\sofi_\AppData\Local\ASP.NET\DataProtection-Keys' as key repository and Windows DPAPI to encrypt keys at rest.
2026-05-02 20:22:38.034 -05:00 [INF] Now listening on: http://localhost:5184
2026-05-02 20:22:38.043 -05:00 [INF] Application started. Press Ctrl+C to shut down.
2026-05-02 20:22:38.060 -05:00 [INF] Hosting environment: Development
2026-05-02 20:22:38.065 -05:00 [INF] Content root path: C:\Users\sofi_\Downloads\piedrazul-citas-app\piedrazul-citas-app\backend\src\Piedrazul.Api
2026-05-02 20:22:49.583 -05:00 [INF] Request starting HTTP/1.1 OPTIONS http://localhost:5184/api/public/info - null null
2026-05-02 20:22:49.742 -05:00 [INF] CORS policy execution successful.
2026-05-02 20:22:49.817 -05:00 [INF] Request finished HTTP/1.1 OPTIONS http://localhost:5184/api/public/info - 204 null null 235.7528ms
2026-05-02 20:22:58.918 -05:00 [INF] Request starting HTTP/1.1 OPTIONS http://localhost:5184/api/patient/profile - null null
2026-05-02 20:22:58.926 -05:00 [INF] CORS policy execution successful.
2026-05-02 20:22:58.935 -05:00 [INF] Request finished HTTP/1.1 OPTIONS http://localhost:5184/api/patient/profile - 204 null null 16.8386ms
2026-05-02 20:23:23.726 -05:00 [INF] Request starting HTTP/1.1 OPTIONS http://localhost:5184/api/patient/profile - null null
2026-05-02 20:23:23.726 -05:00 [INF] Request starting HTTP/1.1 OPTIONS http://localhost:5184/api/patient/profile - null null
2026-05-02 20:23:23.915 -05:00 [INF] CORS policy execution successful.
2026-05-02 20:23:23.916 -05:00 [INF] CORS policy execution successful.
2026-05-02 20:23:23.929 -05:00 [INF] Request finished HTTP/1.1 OPTIONS http://localhost:5184/api/patient/profile - 204 null null 203.1666ms
2026-05-02 20:23:23.930 -05:00 [INF] Request finished HTTP/1.1 OPTIONS http://localhost:5184/api/patient/profile - 204 null null 205.2241ms
2026-05-02 20:23:24.140 -05:00 [INF] Request starting HTTP/1.1 GET http://localhost:5184/api/patient/profile - null null
2026-05-02 20:23:24.186 -05:00 [INF] CORS policy execution successful.
2026-05-02 20:23:24.309 -05:00 [INF] Executing endpoint 'Piedrazul.Api.Controllers.PatientController.GetMyProfile (Piedrazul.Api)'
2026-05-02 20:23:24.521 -05:00 [INF] Route matched with {action = "GetMyProfile", controller = "Patient"}. Executing controller action with signature System.Threading.Tasks.Task`1[Microsoft.AspNetCore.Mvc.ActionResult`1[Piedrazul.Application.PatientProfileResponse]] GetMyProfile(System.Threading.CancellationToken) on controller Piedrazul.Api.Controllers.PatientController (Piedrazul.Api).
2026-05-02 20:23:26.345 -05:00 [INF] Executed DbCommand (761ms) [Parameters=[@__externalUserId_0='?'], CommandType='"Text"', CommandTimeout='30']
SELECT p."Id", p."BirthDate", p."CreatedAtUtc", p."DocumentNumber", p."Email", p."ExternalUserId", p."FirstName", p."Gender", p."IsGuest", p."LastName", p."Phone", p."UpdatedAtUtc"
FROM patient_profiles AS p
WHERE p."ExternalUserId" = @__externalUserId_0
LIMIT 1
2026-05-02 20:23:26.407 -05:00 [INF] Executing NotFoundObjectResult, writing value of type '<>f__AnonymousType0`1[[System.Collections.Generic.IReadOnlyList`1[[System.String, System.Private.CoreLib, Version=8.0.0.0, Culture=neutral, PublicKeyToken=7cec85d7bea7798e]], System.Private.CoreLib, Version=8.0.0.0, Culture=neutral, PublicKeyToken=7cec85d7bea7798e]]'.
2026-05-02 20:23:26.485 -05:00 [INF] Request starting HTTP/1.1 GET http://localhost:5184/api/patient/profile - null null
2026-05-02 20:23:26.489 -05:00 [INF] Executed action Piedrazul.Api.Controllers.PatientController.GetMyProfile (Piedrazul.Api) in 1949.5021ms
2026-05-02 20:23:26.496 -05:00 [INF] CORS policy execution successful.
2026-05-02 20:23:26.497 -05:00 [INF] Executed endpoint 'Piedrazul.Api.Controllers.PatientController.GetMyProfile (Piedrazul.Api)'
2026-05-02 20:23:26.509 -05:00 [INF] Executing endpoint 'Piedrazul.Api.Controllers.PatientController.GetMyProfile (Piedrazul.Api)'
2026-05-02 20:23:26.515 -05:00 [INF] Route matched with {action = "GetMyProfile", controller = "Patient"}. Executing controller action with signature System.Threading.Tasks.Task`1[Microsoft.AspNetCore.Mvc.ActionResult`1[Piedrazul.Application.PatientProfileResponse]] GetMyProfile(System.Threading.CancellationToken) on controller Piedrazul.Api.Controllers.PatientController (Piedrazul.Api).
2026-05-02 20:23:26.542 -05:00 [INF] Request finished HTTP/1.1 GET http://localhost:5184/api/patient/profile - 404 null application/json; charset=utf-8 2401.9822ms
2026-05-02 20:23:26.782 -05:00 [INF] Executed DbCommand (10ms) [Parameters=[@__externalUserId_0='?'], CommandType='"Text"', CommandTimeout='30']
SELECT p."Id", p."BirthDate", p."CreatedAtUtc", p."DocumentNumber", p."Email", p."ExternalUserId", p."FirstName", p."Gender", p."IsGuest", p."LastName", p."Phone", p."UpdatedAtUtc"
FROM patient_profiles AS p
WHERE p."ExternalUserId" = @__externalUserId_0
LIMIT 1
2026-05-02 20:23:26.788 -05:00 [INF] Executing NotFoundObjectResult, writing value of type '<>f__AnonymousType0`1[[System.Collections.Generic.IReadOnlyList`1[[System.String, System.Private.CoreLib, Version=8.0.0.0, Culture=neutral, PublicKeyToken=7cec85d7bea7798e]], System.Private.CoreLib, Version=8.0.0.0, Culture=neutral, PublicKeyToken=7cec85d7bea7798e]]'.
2026-05-02 20:23:26.792 -05:00 [INF] Executed action Piedrazul.Api.Controllers.PatientController.GetMyProfile (Piedrazul.Api) in 248.4339ms
2026-05-02 20:23:26.795 -05:00 [INF] Executed endpoint 'Piedrazul.Api.Controllers.PatientController.GetMyProfile (Piedrazul.Api)'
2026-05-02 20:23:26.799 -05:00 [INF] Request finished HTTP/1.1 GET http://localhost:5184/api/patient/profile - 404 null application/json; charset=utf-8 313.9556ms
2026-05-02 20:23:42.697 -05:00 [INF] Request starting HTTP/1.1 OPTIONS http://localhost:5184/api/patient/profile - null null
2026-05-02 20:23:42.705 -05:00 [INF] CORS policy execution successful.
2026-05-02 20:23:42.707 -05:00 [INF] Request finished HTTP/1.1 OPTIONS http://localhost:5184/api/patient/profile - 204 null null 10.4833ms
2026-05-02 20:23:42.714 -05:00 [INF] Request starting HTTP/1.1 PUT http://localhost:5184/api/patient/profile - application/json 162
2026-05-02 20:23:42.723 -05:00 [INF] CORS policy execution successful.
2026-05-02 20:23:42.735 -05:00 [INF] Executing endpoint 'Piedrazul.Api.Controllers.PatientController.UpsertProfile (Piedrazul.Api)'
2026-05-02 20:23:42.762 -05:00 [INF] Route matched with {action = "UpsertProfile", controller = "Patient"}. Executing controller action with signature System.Threading.Tasks.Task`1[Microsoft.AspNetCore.Mvc.ActionResult`1[Piedrazul.Application.PatientProfileResponse]] UpsertProfile(Piedrazul.Application.PatientProfileUpsertRequest, System.Threading.CancellationToken) on controller Piedrazul.Api.Controllers.PatientController (Piedrazul.Api).
2026-05-02 20:23:42.931 -05:00 [INF] Executed DbCommand (3ms) [Parameters=[@__externalUserId_0='?'], CommandType='"Text"', CommandTimeout='30']
SELECT p."Id", p."BirthDate", p."CreatedAtUtc", p."DocumentNumber", p."Email", p."ExternalUserId", p."FirstName", p."Gender", p."IsGuest", p."LastName", p."Phone", p."UpdatedAtUtc"
FROM patient_profiles AS p
WHERE p."ExternalUserId" = @__externalUserId_0
LIMIT 1
2026-05-02 20:23:42.957 -05:00 [INF] Executed DbCommand (7ms) [Parameters=[@__documentNumber_0='?'], CommandType='"Text"', CommandTimeout='30']
SELECT p."Id", p."BirthDate", p."CreatedAtUtc", p."DocumentNumber", p."Email", p."ExternalUserId", p."FirstName", p."Gender", p."IsGuest", p."LastName", p."Phone", p."UpdatedAtUtc"
FROM patient_profiles AS p
WHERE p."DocumentNumber" = @__documentNumber_0
LIMIT 1
2026-05-02 20:23:43.481 -05:00 [INF] Executed DbCommand (59ms) [Parameters=[@p0='?' (DbType = Guid), @p1='?' (DbType = Date), @p2='?' (DbType = DateTime), @p3='?', @p4='?', @p5='?', @p6='?', @p7='?', @p8='?' (DbType = Boolean), @p9='?', @p10='?', @p11='?' (DbType = DateTime)], CommandType='"Text"', CommandTimeout='30']
INSERT INTO patient_profiles ("Id", "BirthDate", "CreatedAtUtc", "DocumentNumber", "Email", "ExternalUserId", "FirstName", "Gender", "IsGuest", "LastName", "Phone", "UpdatedAtUtc")
VALUES (@p0, @p1, @p2, @p3, @p4, @p5, @p6, @p7, @p8, @p9, @p10, @p11);
2026-05-02 20:23:43.510 -05:00 [INF] Executing OkObjectResult, writing value of type 'Piedrazul.Application.PatientProfileResponse'.
2026-05-02 20:23:43.548 -05:00 [INF] Executed action Piedrazul.Api.Controllers.PatientController.UpsertProfile (Piedrazul.Api) in 772.5307ms
2026-05-02 20:23:43.552 -05:00 [INF] Executed endpoint 'Piedrazul.Api.Controllers.PatientController.UpsertProfile (Piedrazul.Api)'
2026-05-02 20:23:43.567 -05:00 [INF] Request finished HTTP/1.1 PUT http://localhost:5184/api/patient/profile - 200 null application/json; charset=utf-8 852.1708ms
2026-05-02 20:23:46.638 -05:00 [INF] Request starting HTTP/1.1 OPTIONS http://localhost:5184/api/patient/appointments - null null
2026-05-02 20:23:46.655 -05:00 [INF] Request starting HTTP/1.1 OPTIONS http://localhost:5184/api/patient/appointments - null null
2026-05-02 20:23:46.678 -05:00 [INF] CORS policy execution successful.
2026-05-02 20:23:46.690 -05:00 [INF] CORS policy execution successful.
2026-05-02 20:23:46.692 -05:00 [INF] Request finished HTTP/1.1 OPTIONS http://localhost:5184/api/patient/appointments - 204 null null 54.7412ms
2026-05-02 20:23:46.694 -05:00 [INF] Request finished HTTP/1.1 OPTIONS http://localhost:5184/api/patient/appointments - 204 null null 39.5192ms
2026-05-02 20:23:46.712 -05:00 [INF] Request starting HTTP/1.1 GET http://localhost:5184/api/patient/appointments - null null
2026-05-02 20:23:46.719 -05:00 [INF] CORS policy execution successful.
2026-05-02 20:23:46.722 -05:00 [INF] Executing endpoint 'Piedrazul.Api.Controllers.PatientController.GetMyAppointments (Piedrazul.Api)'
2026-05-02 20:23:46.737 -05:00 [INF] Route matched with {action = "GetMyAppointments", controller = "Patient"}. Executing controller action with signature System.Threading.Tasks.Task`1[Microsoft.AspNetCore.Mvc.ActionResult`1[System.Collections.Generic.IReadOnlyList`1[Piedrazul.Application.AppointmentResponse]]] GetMyAppointments(System.Threading.CancellationToken) on controller Piedrazul.Api.Controllers.PatientController (Piedrazul.Api).
2026-05-02 20:23:46.762 -05:00 [INF] Executed DbCommand (11ms) [Parameters=[@__externalUserId_0='?'], CommandType='"Text"', CommandTimeout='30']
SELECT p."Id", p."BirthDate", p."CreatedAtUtc", p."DocumentNumber", p."Email", p."ExternalUserId", p."FirstName", p."Gender", p."IsGuest", p."LastName", p."Phone", p."UpdatedAtUtc"
FROM patient_profiles AS p
WHERE p."ExternalUserId" = @__externalUserId_0
LIMIT 1
2026-05-02 20:23:47.010 -05:00 [INF] Executed DbCommand (30ms) [Parameters=[@__documentNumber_0='?'], CommandType='"Text"', CommandTimeout='30']
SELECT a."Id", a."AppointmentDate", a."Channel", a."CreatedAtUtc", a."CreatedBy", a."EndTime", a."Notes", a."PatientProfileId", a."ProviderId", a."StartTime", a."Status", a."UpdatedAtUtc", p0."Id", p0."Code", p0."CreatedAtUtc", p0."DefaultSlotIntervalMinutes", p0."FirstName", p0."IsActive", p0."LastName", p0."Specialty", p0."UpdatedAtUtc", p."Id", p."BirthDate", p."CreatedAtUtc", p."DocumentNumber", p."Email", p."ExternalUserId", p."FirstName", p."Gender", p."IsGuest", p."LastName", p."Phone", p."UpdatedAtUtc"
FROM appointments AS a
INNER JOIN patient_profiles AS p ON a."PatientProfileId" = p."Id"
INNER JOIN providers AS p0 ON a."ProviderId" = p0."Id"
WHERE p."DocumentNumber" = @__documentNumber_0
ORDER BY a."AppointmentDate" DESC, a."StartTime"
2026-05-02 20:23:47.020 -05:00 [INF] Executing OkObjectResult, writing value of type 'System.Collections.Generic.List`1[[Piedrazul.Application.AppointmentResponse, Piedrazul.Application, Version=1.0.0.0, Culture=neutral, PublicKeyToken=null]]'.
2026-05-02 20:23:47.036 -05:00 [INF] Executed action Piedrazul.Api.Controllers.PatientController.GetMyAppointments (Piedrazul.Api) in 291.1262ms
2026-05-02 20:23:47.037 -05:00 [INF] Request starting HTTP/1.1 GET http://localhost:5184/api/patient/appointments - null null
2026-05-02 20:23:47.040 -05:00 [INF] Executed endpoint 'Piedrazul.Api.Controllers.PatientController.GetMyAppointments (Piedrazul.Api)'
2026-05-02 20:23:47.048 -05:00 [INF] CORS policy execution successful.
2026-05-02 20:23:47.049 -05:00 [INF] Request finished HTTP/1.1 GET http://localhost:5184/api/patient/appointments - 200 null application/json; charset=utf-8 336.8447ms
2026-05-02 20:23:47.053 -05:00 [INF] Executing endpoint 'Piedrazul.Api.Controllers.PatientController.GetMyAppointments (Piedrazul.Api)'
2026-05-02 20:23:47.061 -05:00 [INF] Route matched with {action = "GetMyAppointments", controller = "Patient"}. Executing controller action with signature System.Threading.Tasks.Task`1[Microsoft.AspNetCore.Mvc.ActionResult`1[System.Collections.Generic.IReadOnlyList`1[Piedrazul.Application.AppointmentResponse]]] GetMyAppointments(System.Threading.CancellationToken) on controller Piedrazul.Api.Controllers.PatientController (Piedrazul.Api).
2026-05-02 20:23:47.069 -05:00 [INF] Executed DbCommand (3ms) [Parameters=[@__externalUserId_0='?'], CommandType='"Text"', CommandTimeout='30']
SELECT p."Id", p."BirthDate", p."CreatedAtUtc", p."DocumentNumber", p."Email", p."ExternalUserId", p."FirstName", p."Gender", p."IsGuest", p."LastName", p."Phone", p."UpdatedAtUtc"
FROM patient_profiles AS p
WHERE p."ExternalUserId" = @__externalUserId_0
LIMIT 1
2026-05-02 20:23:47.080 -05:00 [INF] Executed DbCommand (3ms) [Parameters=[@__documentNumber_0='?'], CommandType='"Text"', CommandTimeout='30']
SELECT a."Id", a."AppointmentDate", a."Channel", a."CreatedAtUtc", a."CreatedBy", a."EndTime", a."Notes", a."PatientProfileId", a."ProviderId", a."StartTime", a."Status", a."UpdatedAtUtc", p0."Id", p0."Code", p0."CreatedAtUtc", p0."DefaultSlotIntervalMinutes", p0."FirstName", p0."IsActive", p0."LastName", p0."Specialty", p0."UpdatedAtUtc", p."Id", p."BirthDate", p."CreatedAtUtc", p."DocumentNumber", p."Email", p."ExternalUserId", p."FirstName", p."Gender", p."IsGuest", p."LastName", p."Phone", p."UpdatedAtUtc"
FROM appointments AS a
INNER JOIN patient_profiles AS p ON a."PatientProfileId" = p."Id"
INNER JOIN providers AS p0 ON a."ProviderId" = p0."Id"
WHERE p."DocumentNumber" = @__documentNumber_0
ORDER BY a."AppointmentDate" DESC, a."StartTime"
2026-05-02 20:23:47.085 -05:00 [INF] Executing OkObjectResult, writing value of type 'System.Collections.Generic.List`1[[Piedrazul.Application.AppointmentResponse, Piedrazul.Application, Version=1.0.0.0, Culture=neutral, PublicKeyToken=null]]'.
2026-05-02 20:23:47.088 -05:00 [INF] Executed action Piedrazul.Api.Controllers.PatientController.GetMyAppointments (Piedrazul.Api) in 23.9834ms
2026-05-02 20:23:47.091 -05:00 [INF] Executed endpoint 'Piedrazul.Api.Controllers.PatientController.GetMyAppointments (Piedrazul.Api)'
2026-05-02 20:23:47.093 -05:00 [INF] Request finished HTTP/1.1 GET http://localhost:5184/api/patient/appointments - 200 null application/json; charset=utf-8 55.3894ms
2026-05-02 20:23:48.779 -05:00 [INF] Request starting HTTP/1.1 OPTIONS http://localhost:5184/api/patient/profile - null null
2026-05-02 20:23:48.779 -05:00 [INF] Request starting HTTP/1.1 GET http://localhost:5184/api/public/providers - null null
2026-05-02 20:23:48.781 -05:00 [INF] Request starting HTTP/1.1 OPTIONS http://localhost:5184/api/patient/profile - null null
2026-05-02 20:23:48.787 -05:00 [INF] CORS policy execution successful.
2026-05-02 20:23:48.796 -05:00 [INF] CORS policy execution successful.
2026-05-02 20:23:48.800 -05:00 [INF] CORS policy execution successful.
2026-05-02 20:23:48.803 -05:00 [INF] Request finished HTTP/1.1 OPTIONS http://localhost:5184/api/patient/profile - 204 null null 23.7347ms
2026-05-02 20:23:48.804 -05:00 [INF] Executing endpoint 'Piedrazul.Api.Controllers.PublicController.GetProviders (Piedrazul.Api)'
2026-05-02 20:23:48.805 -05:00 [INF] Request finished HTTP/1.1 OPTIONS http://localhost:5184/api/patient/profile - 204 null null 24.4269ms
2026-05-02 20:23:48.812 -05:00 [INF] Request starting HTTP/1.1 GET http://localhost:5184/api/patient/profile - null null
2026-05-02 20:23:48.824 -05:00 [INF] CORS policy execution successful.
2026-05-02 20:23:48.825 -05:00 [INF] Route matched with {action = "GetProviders", controller = "Public"}. Executing controller action with signature System.Threading.Tasks.Task`1[Microsoft.AspNetCore.Mvc.ActionResult`1[System.Collections.Generic.IReadOnlyList`1[Piedrazul.Application.ProviderSummaryResponse]]] GetProviders(System.Threading.CancellationToken) on controller Piedrazul.Api.Controllers.PublicController (Piedrazul.Api).
2026-05-02 20:23:48.825 -05:00 [INF] Executing endpoint 'Piedrazul.Api.Controllers.PatientController.GetMyProfile (Piedrazul.Api)'
2026-05-02 20:23:48.833 -05:00 [INF] Route matched with {action = "GetMyProfile", controller = "Patient"}. Executing controller action with signature System.Threading.Tasks.Task`1[Microsoft.AspNetCore.Mvc.ActionResult`1[Piedrazul.Application.PatientProfileResponse]] GetMyProfile(System.Threading.CancellationToken) on controller Piedrazul.Api.Controllers.PatientController (Piedrazul.Api).
2026-05-02 20:23:48.843 -05:00 [INF] Executed DbCommand (2ms) [Parameters=[@__externalUserId_0='?'], CommandType='"Text"', CommandTimeout='30']
SELECT p."Id", p."BirthDate", p."CreatedAtUtc", p."DocumentNumber", p."Email", p."ExternalUserId", p."FirstName", p."Gender", p."IsGuest", p."LastName", p."Phone", p."UpdatedAtUtc"
FROM patient_profiles AS p
WHERE p."ExternalUserId" = @__externalUserId_0
LIMIT 1
2026-05-02 20:23:48.852 -05:00 [INF] Executing OkObjectResult, writing value of type 'Piedrazul.Application.PatientProfileResponse'.
2026-05-02 20:23:48.858 -05:00 [INF] Executed action Piedrazul.Api.Controllers.PatientController.GetMyProfile (Piedrazul.Api) in 18.4444ms
2026-05-02 20:23:48.860 -05:00 [INF] Request starting HTTP/1.1 GET http://localhost:5184/api/patient/profile - null null
2026-05-02 20:23:48.863 -05:00 [INF] Executed endpoint 'Piedrazul.Api.Controllers.PatientController.GetMyProfile (Piedrazul.Api)'
2026-05-02 20:23:48.876 -05:00 [INF] CORS policy execution successful.
2026-05-02 20:23:48.880 -05:00 [INF] Request finished HTTP/1.1 GET http://localhost:5184/api/patient/profile - 200 null application/json; charset=utf-8 67.4311ms
2026-05-02 20:23:48.884 -05:00 [INF] Executing endpoint 'Piedrazul.Api.Controllers.PatientController.GetMyProfile (Piedrazul.Api)'
2026-05-02 20:23:48.899 -05:00 [INF] Route matched with {action = "GetMyProfile", controller = "Patient"}. Executing controller action with signature System.Threading.Tasks.Task`1[Microsoft.AspNetCore.Mvc.ActionResult`1[Piedrazul.Application.PatientProfileResponse]] GetMyProfile(System.Threading.CancellationToken) on controller Piedrazul.Api.Controllers.PatientController (Piedrazul.Api).
2026-05-02 20:23:48.906 -05:00 [INF] Executed DbCommand (2ms) [Parameters=[@__externalUserId_0='?'], CommandType='"Text"', CommandTimeout='30']
SELECT p."Id", p."BirthDate", p."CreatedAtUtc", p."DocumentNumber", p."Email", p."ExternalUserId", p."FirstName", p."Gender", p."IsGuest", p."LastName", p."Phone", p."UpdatedAtUtc"
FROM patient_profiles AS p
WHERE p."ExternalUserId" = @__externalUserId_0
LIMIT 1
2026-05-02 20:23:48.911 -05:00 [INF] Executing OkObjectResult, writing value of type 'Piedrazul.Application.PatientProfileResponse'.
2026-05-02 20:23:48.916 -05:00 [INF] Executed action Piedrazul.Api.Controllers.PatientController.GetMyProfile (Piedrazul.Api) in 13.4912ms
2026-05-02 20:23:48.919 -05:00 [INF] Executed endpoint 'Piedrazul.Api.Controllers.PatientController.GetMyProfile (Piedrazul.Api)'
2026-05-02 20:23:48.921 -05:00 [INF] Request finished HTTP/1.1 GET http://localhost:5184/api/patient/profile - 200 null application/json; charset=utf-8 61.2307ms
2026-05-02 20:23:48.948 -05:00 [INF] Executed DbCommand (30ms) [Parameters=[], CommandType='"Text"', CommandTimeout='30']
SELECT p."Id", p."Code", p."CreatedAtUtc", p."DefaultSlotIntervalMinutes", p."FirstName", p."IsActive", p."LastName", p."Specialty", p."UpdatedAtUtc"
FROM providers AS p
WHERE p."IsActive"
2026-05-02 20:23:48.975 -05:00 [INF] Executing OkObjectResult, writing value of type 'System.Collections.Generic.List`1[[Piedrazul.Application.ProviderSummaryResponse, Piedrazul.Application, Version=1.0.0.0, Culture=neutral, PublicKeyToken=null]]'.
2026-05-02 20:23:48.993 -05:00 [INF] Executed action Piedrazul.Api.Controllers.PublicController.GetProviders (Piedrazul.Api) in 164.3186ms
2026-05-02 20:23:48.995 -05:00 [INF] Request starting HTTP/1.1 GET http://localhost:5184/api/public/providers - null null
2026-05-02 20:23:48.995 -05:00 [INF] Executed endpoint 'Piedrazul.Api.Controllers.PublicController.GetProviders (Piedrazul.Api)'
2026-05-02 20:23:49.002 -05:00 [INF] CORS policy execution successful.
2026-05-02 20:23:49.004 -05:00 [INF] Request finished HTTP/1.1 GET http://localhost:5184/api/public/providers - 200 null application/json; charset=utf-8 225.2418ms
2026-05-02 20:23:49.006 -05:00 [INF] Executing endpoint 'Piedrazul.Api.Controllers.PublicController.GetProviders (Piedrazul.Api)'
2026-05-02 20:23:49.013 -05:00 [INF] Route matched with {action = "GetProviders", controller = "Public"}. Executing controller action with signature System.Threading.Tasks.Task`1[Microsoft.AspNetCore.Mvc.ActionResult`1[System.Collections.Generic.IReadOnlyList`1[Piedrazul.Application.ProviderSummaryResponse]]] GetProviders(System.Threading.CancellationToken) on controller Piedrazul.Api.Controllers.PublicController (Piedrazul.Api).
2026-05-02 20:23:49.029 -05:00 [INF] Executed DbCommand (2ms) [Parameters=[], CommandType='"Text"', CommandTimeout='30']
SELECT p."Id", p."Code", p."CreatedAtUtc", p."DefaultSlotIntervalMinutes", p."FirstName", p."IsActive", p."LastName", p."Specialty", p."UpdatedAtUtc"
FROM providers AS p
WHERE p."IsActive"
2026-05-02 20:23:49.041 -05:00 [INF] Executing OkObjectResult, writing value of type 'System.Collections.Generic.List`1[[Piedrazul.Application.ProviderSummaryResponse, Piedrazul.Application, Version=1.0.0.0, Culture=neutral, PublicKeyToken=null]]'.
2026-05-02 20:23:49.044 -05:00 [INF] Executed action Piedrazul.Api.Controllers.PublicController.GetProviders (Piedrazul.Api) in 18.5624ms
2026-05-02 20:23:49.048 -05:00 [INF] Executed endpoint 'Piedrazul.Api.Controllers.PublicController.GetProviders (Piedrazul.Api)'
2026-05-02 20:23:49.051 -05:00 [INF] Request finished HTTP/1.1 GET http://localhost:5184/api/public/providers - 200 null application/json; charset=utf-8 56.7306ms
2026-05-02 20:23:55.740 -05:00 [INF] Request starting HTTP/1.1 GET http://localhost:5184/api/public/providers/fd32bbc2-6f05-497f-ab0d-7ef57338e037/availability?date=2026-05-12 - null null
2026-05-02 20:23:55.750 -05:00 [INF] CORS policy execution successful.
2026-05-02 20:23:55.751 -05:00 [INF] Executing endpoint 'Piedrazul.Api.Controllers.PublicController.GetAvailability (Piedrazul.Api)'
2026-05-02 20:23:55.766 -05:00 [INF] Route matched with {action = "GetAvailability", controller = "Public"}. Executing controller action with signature System.Threading.Tasks.Task`1[Microsoft.AspNetCore.Mvc.ActionResult`1[System.Collections.Generic.IReadOnlyList`1[Piedrazul.Application.AvailabilitySlotResponse]]] GetAvailability(System.Guid, System.DateOnly, System.Threading.CancellationToken) on controller Piedrazul.Api.Controllers.PublicController (Piedrazul.Api).
2026-05-02 20:23:55.827 -05:00 [INF] Executed DbCommand (7ms) [Parameters=[@__providerId_0='?' (DbType = Guid)], CommandType='"Text"', CommandTimeout='30']
SELECT p."Id", p."Code", p."CreatedAtUtc", p."DefaultSlotIntervalMinutes", p."FirstName", p."IsActive", p."LastName", p."Specialty", p."UpdatedAtUtc"
FROM providers AS p
WHERE p."Id" = @__providerId_0 AND p."IsActive"
LIMIT 1
2026-05-02 20:23:55.888 -05:00 [WRN] The query uses the 'First'/'FirstOrDefault' operator without 'OrderBy' and filter operators. This may lead to unpredictable results.
2026-05-02 20:23:55.914 -05:00 [INF] Executed DbCommand (5ms) [Parameters=[], CommandType='"Text"', CommandTimeout='30']
SELECT s."Id", s."CreatedAtUtc", s."TimeZoneId", s."UpdatedAtUtc", s."WeeksAheadBooking"
FROM system_settings AS s
LIMIT 1
2026-05-02 20:23:56.031 -05:00 [INF] Executed DbCommand (11ms) [Parameters=[@__providerId_0='?' (DbType = Guid), @__dayOfWeek_1='?' (DbType = Int32)], CommandType='"Text"', CommandTimeout='30']
SELECT w."Id", w."CreatedAtUtc", w."DayOfWeek", w."EndTime", w."IsActive", w."ProviderId", w."SlotIntervalMinutes", w."StartTime", w."UpdatedAtUtc"
FROM weekly_availabilities AS w
WHERE w."ProviderId" = @__providerId_0 AND w."IsActive" AND w."DayOfWeek" = @__dayOfWeek_1
ORDER BY w."StartTime"
2026-05-02 20:23:56.067 -05:00 [INF] Executed DbCommand (5ms) [Parameters=[@__providerId_0='?' (DbType = Guid), @__date_1='?' (DbType = Date)], CommandType='"Text"', CommandTimeout='30']
SELECT a."StartTime"
FROM appointments AS a
WHERE a."ProviderId" = @__providerId_0 AND a."AppointmentDate" = @__date_1 AND a."Status" = 'Scheduled'
2026-05-02 20:23:56.094 -05:00 [INF] Executing OkObjectResult, writing value of type 'System.Collections.Generic.List`1[[Piedrazul.Application.AvailabilitySlotResponse, Piedrazul.Application, Version=1.0.0.0, Culture=neutral, PublicKeyToken=null]]'.
2026-05-02 20:23:56.099 -05:00 [INF] Executed action Piedrazul.Api.Controllers.PublicController.GetAvailability (Piedrazul.Api) in 322.1015ms
2026-05-02 20:23:56.102 -05:00 [INF] Executed endpoint 'Piedrazul.Api.Controllers.PublicController.GetAvailability (Piedrazul.Api)'
2026-05-02 20:23:56.104 -05:00 [INF] Request finished HTTP/1.1 GET http://localhost:5184/api/public/providers/fd32bbc2-6f05-497f-ab0d-7ef57338e037/availability?date=2026-05-12 - 200 null application/json; charset=utf-8 364.0069ms
2026-05-02 20:24:02.664 -05:00 [INF] Request starting HTTP/1.1 GET http://localhost:5184/api/public/providers/fd32bbc2-6f05-497f-ab0d-7ef57338e037/availability?date=2026-05-13 - null null
2026-05-02 20:24:02.674 -05:00 [INF] CORS policy execution successful.
2026-05-02 20:24:02.677 -05:00 [INF] Executing endpoint 'Piedrazul.Api.Controllers.PublicController.GetAvailability (Piedrazul.Api)'
2026-05-02 20:24:02.680 -05:00 [INF] Route matched with {action = "GetAvailability", controller = "Public"}. Executing controller action with signature System.Threading.Tasks.Task`1[Microsoft.AspNetCore.Mvc.ActionResult`1[System.Collections.Generic.IReadOnlyList`1[Piedrazul.Application.AvailabilitySlotResponse]]] GetAvailability(System.Guid, System.DateOnly, System.Threading.CancellationToken) on controller Piedrazul.Api.Controllers.PublicController (Piedrazul.Api).
2026-05-02 20:24:02.690 -05:00 [INF] Executed DbCommand (3ms) [Parameters=[@__providerId_0='?' (DbType = Guid)], CommandType='"Text"', CommandTimeout='30']
SELECT p."Id", p."Code", p."CreatedAtUtc", p."DefaultSlotIntervalMinutes", p."FirstName", p."IsActive", p."LastName", p."Specialty", p."UpdatedAtUtc"
FROM providers AS p
WHERE p."Id" = @__providerId_0 AND p."IsActive"
LIMIT 1
2026-05-02 20:24:02.746 -05:00 [INF] Executed DbCommand (45ms) [Parameters=[], CommandType='"Text"', CommandTimeout='30']
SELECT s."Id", s."CreatedAtUtc", s."TimeZoneId", s."UpdatedAtUtc", s."WeeksAheadBooking"
FROM system_settings AS s
LIMIT 1
2026-05-02 20:24:02.755 -05:00 [INF] Executed DbCommand (2ms) [Parameters=[@__providerId_0='?' (DbType = Guid), @__dayOfWeek_1='?' (DbType = Int32)], CommandType='"Text"', CommandTimeout='30']
SELECT w."Id", w."CreatedAtUtc", w."DayOfWeek", w."EndTime", w."IsActive", w."ProviderId", w."SlotIntervalMinutes", w."StartTime", w."UpdatedAtUtc"
FROM weekly_availabilities AS w
WHERE w."ProviderId" = @__providerId_0 AND w."IsActive" AND w."DayOfWeek" = @__dayOfWeek_1
ORDER BY w."StartTime"
2026-05-02 20:24:02.765 -05:00 [INF] Executed DbCommand (2ms) [Parameters=[@__providerId_0='?' (DbType = Guid), @__date_1='?' (DbType = Date)], CommandType='"Text"', CommandTimeout='30']
SELECT a."StartTime"
FROM appointments AS a
WHERE a."ProviderId" = @__providerId_0 AND a."AppointmentDate" = @__date_1 AND a."Status" = 'Scheduled'
2026-05-02 20:24:02.779 -05:00 [INF] Executing OkObjectResult, writing value of type 'System.Collections.Generic.List`1[[Piedrazul.Application.AvailabilitySlotResponse, Piedrazul.Application, Version=1.0.0.0, Culture=neutral, PublicKeyToken=null]]'.
2026-05-02 20:24:02.782 -05:00 [INF] Executed action Piedrazul.Api.Controllers.PublicController.GetAvailability (Piedrazul.Api) in 98.2512ms
2026-05-02 20:24:02.786 -05:00 [INF] Executed endpoint 'Piedrazul.Api.Controllers.PublicController.GetAvailability (Piedrazul.Api)'
2026-05-02 20:24:02.788 -05:00 [INF] Request finished HTTP/1.1 GET http://localhost:5184/api/public/providers/fd32bbc2-6f05-497f-ab0d-7ef57338e037/availability?date=2026-05-13 - 200 null application/json; charset=utf-8 124.3884ms
2026-05-02 20:24:07.599 -05:00 [INF] Request starting HTTP/1.1 GET http://localhost:5184/api/public/providers/fd32bbc2-6f05-497f-ab0d-7ef57338e037/availability?date=2026-05-14 - null null
2026-05-02 20:24:07.611 -05:00 [INF] CORS policy execution successful.
2026-05-02 20:24:07.613 -05:00 [INF] Executing endpoint 'Piedrazul.Api.Controllers.PublicController.GetAvailability (Piedrazul.Api)'
2026-05-02 20:24:07.618 -05:00 [INF] Route matched with {action = "GetAvailability", controller = "Public"}. Executing controller action with signature System.Threading.Tasks.Task`1[Microsoft.AspNetCore.Mvc.ActionResult`1[System.Collections.Generic.IReadOnlyList`1[Piedrazul.Application.AvailabilitySlotResponse]]] GetAvailability(System.Guid, System.DateOnly, System.Threading.CancellationToken) on controller Piedrazul.Api.Controllers.PublicController (Piedrazul.Api).
2026-05-02 20:24:07.630 -05:00 [INF] Executed DbCommand (6ms) [Parameters=[@__providerId_0='?' (DbType = Guid)], CommandType='"Text"', CommandTimeout='30']
SELECT p."Id", p."Code", p."CreatedAtUtc", p."DefaultSlotIntervalMinutes", p."FirstName", p."IsActive", p."LastName", p."Specialty", p."UpdatedAtUtc"
FROM providers AS p
WHERE p."Id" = @__providerId_0 AND p."IsActive"
LIMIT 1
2026-05-02 20:24:07.641 -05:00 [INF] Executed DbCommand (3ms) [Parameters=[], CommandType='"Text"', CommandTimeout='30']
SELECT s."Id", s."CreatedAtUtc", s."TimeZoneId", s."UpdatedAtUtc", s."WeeksAheadBooking"
FROM system_settings AS s
LIMIT 1
2026-05-02 20:24:07.656 -05:00 [INF] Executed DbCommand (2ms) [Parameters=[@__providerId_0='?' (DbType = Guid), @__dayOfWeek_1='?' (DbType = Int32)], CommandType='"Text"', CommandTimeout='30']
SELECT w."Id", w."CreatedAtUtc", w."DayOfWeek", w."EndTime", w."IsActive", w."ProviderId", w."SlotIntervalMinutes", w."StartTime", w."UpdatedAtUtc"
FROM weekly_availabilities AS w
WHERE w."ProviderId" = @__providerId_0 AND w."IsActive" AND w."DayOfWeek" = @__dayOfWeek_1
ORDER BY w."StartTime"
2026-05-02 20:24:07.666 -05:00 [INF] Executed DbCommand (2ms) [Parameters=[@__providerId_0='?' (DbType = Guid), @__date_1='?' (DbType = Date)], CommandType='"Text"', CommandTimeout='30']
SELECT a."StartTime"
FROM appointments AS a
WHERE a."ProviderId" = @__providerId_0 AND a."AppointmentDate" = @__date_1 AND a."Status" = 'Scheduled'
2026-05-02 20:24:07.674 -05:00 [INF] Executing OkObjectResult, writing value of type 'System.Collections.Generic.List`1[[Piedrazul.Application.AvailabilitySlotResponse, Piedrazul.Application, Version=1.0.0.0, Culture=neutral, PublicKeyToken=null]]'.
2026-05-02 20:24:07.677 -05:00 [INF] Executed action Piedrazul.Api.Controllers.PublicController.GetAvailability (Piedrazul.Api) in 55.5804ms
2026-05-02 20:24:07.680 -05:00 [INF] Executed endpoint 'Piedrazul.Api.Controllers.PublicController.GetAvailability (Piedrazul.Api)'
2026-05-02 20:24:07.682 -05:00 [INF] Request finished HTTP/1.1 GET http://localhost:5184/api/public/providers/fd32bbc2-6f05-497f-ab0d-7ef57338e037/availability?date=2026-05-14 - 200 null application/json; charset=utf-8 86.2398ms
2026-05-02 20:24:11.198 -05:00 [INF] Request starting HTTP/1.1 GET http://localhost:5184/api/public/providers/fd32bbc2-6f05-497f-ab0d-7ef57338e037/availability?date=2026-05-15 - null null
2026-05-02 20:24:11.230 -05:00 [INF] CORS policy execution successful.
2026-05-02 20:24:11.233 -05:00 [INF] Executing endpoint 'Piedrazul.Api.Controllers.PublicController.GetAvailability (Piedrazul.Api)'
2026-05-02 20:24:11.236 -05:00 [INF] Route matched with {action = "GetAvailability", controller = "Public"}. Executing controller action with signature System.Threading.Tasks.Task`1[Microsoft.AspNetCore.Mvc.ActionResult`1[System.Collections.Generic.IReadOnlyList`1[Piedrazul.Application.AvailabilitySlotResponse]]] GetAvailability(System.Guid, System.DateOnly, System.Threading.CancellationToken) on controller Piedrazul.Api.Controllers.PublicController (Piedrazul.Api).
2026-05-02 20:24:11.246 -05:00 [INF] Executed DbCommand (4ms) [Parameters=[@__providerId_0='?' (DbType = Guid)], CommandType='"Text"', CommandTimeout='30']
SELECT p."Id", p."Code", p."CreatedAtUtc", p."DefaultSlotIntervalMinutes", p."FirstName", p."IsActive", p."LastName", p."Specialty", p."UpdatedAtUtc"
FROM providers AS p
WHERE p."Id" = @__providerId_0 AND p."IsActive"
LIMIT 1
2026-05-02 20:24:11.253 -05:00 [INF] Executed DbCommand (2ms) [Parameters=[], CommandType='"Text"', CommandTimeout='30']
SELECT s."Id", s."CreatedAtUtc", s."TimeZoneId", s."UpdatedAtUtc", s."WeeksAheadBooking"
FROM system_settings AS s
LIMIT 1
2026-05-02 20:24:11.262 -05:00 [INF] Executed DbCommand (2ms) [Parameters=[@__providerId_0='?' (DbType = Guid), @__dayOfWeek_1='?' (DbType = Int32)], CommandType='"Text"', CommandTimeout='30']
SELECT w."Id", w."CreatedAtUtc", w."DayOfWeek", w."EndTime", w."IsActive", w."ProviderId", w."SlotIntervalMinutes", w."StartTime", w."UpdatedAtUtc"
FROM weekly_availabilities AS w
WHERE w."ProviderId" = @__providerId_0 AND w."IsActive" AND w."DayOfWeek" = @__dayOfWeek_1
ORDER BY w."StartTime"
2026-05-02 20:24:11.269 -05:00 [INF] Executed DbCommand (2ms) [Parameters=[@__providerId_0='?' (DbType = Guid), @__date_1='?' (DbType = Date)], CommandType='"Text"', CommandTimeout='30']
SELECT a."StartTime"
FROM appointments AS a
WHERE a."ProviderId" = @__providerId_0 AND a."AppointmentDate" = @__date_1 AND a."Status" = 'Scheduled'
2026-05-02 20:24:11.277 -05:00 [INF] Executing OkObjectResult, writing value of type 'System.Collections.Generic.List`1[[Piedrazul.Application.AvailabilitySlotResponse, Piedrazul.Application, Version=1.0.0.0, Culture=neutral, PublicKeyToken=null]]'.
2026-05-02 20:24:11.281 -05:00 [INF] Executed action Piedrazul.Api.Controllers.PublicController.GetAvailability (Piedrazul.Api) in 42.118ms
2026-05-02 20:24:11.284 -05:00 [INF] Executed endpoint 'Piedrazul.Api.Controllers.PublicController.GetAvailability (Piedrazul.Api)'
2026-05-02 20:24:11.286 -05:00 [INF] Request finished HTTP/1.1 GET http://localhost:5184/api/public/providers/fd32bbc2-6f05-497f-ab0d-7ef57338e037/availability?date=2026-05-15 - 200 null application/json; charset=utf-8 90.1056ms
2026-05-02 20:24:14.795 -05:00 [INF] Request starting HTTP/1.1 GET http://localhost:5184/api/public/providers/fd32bbc2-6f05-497f-ab0d-7ef57338e037/availability?date=2026-05-16 - null null
2026-05-02 20:24:14.807 -05:00 [INF] CORS policy execution successful.
2026-05-02 20:24:14.820 -05:00 [INF] Executing endpoint 'Piedrazul.Api.Controllers.PublicController.GetAvailability (Piedrazul.Api)'
2026-05-02 20:24:14.822 -05:00 [INF] Route matched with {action = "GetAvailability", controller = "Public"}. Executing controller action with signature System.Threading.Tasks.Task`1[Microsoft.AspNetCore.Mvc.ActionResult`1[System.Collections.Generic.IReadOnlyList`1[Piedrazul.Application.AvailabilitySlotResponse]]] GetAvailability(System.Guid, System.DateOnly, System.Threading.CancellationToken) on controller Piedrazul.Api.Controllers.PublicController (Piedrazul.Api).
2026-05-02 20:24:14.830 -05:00 [INF] Executed DbCommand (2ms) [Parameters=[@__providerId_0='?' (DbType = Guid)], CommandType='"Text"', CommandTimeout='30']
SELECT p."Id", p."Code", p."CreatedAtUtc", p."DefaultSlotIntervalMinutes", p."FirstName", p."IsActive", p."LastName", p."Specialty", p."UpdatedAtUtc"
FROM providers AS p
WHERE p."Id" = @__providerId_0 AND p."IsActive"
LIMIT 1
2026-05-02 20:24:14.839 -05:00 [INF] Executed DbCommand (2ms) [Parameters=[], CommandType='"Text"', CommandTimeout='30']
SELECT s."Id", s."CreatedAtUtc", s."TimeZoneId", s."UpdatedAtUtc", s."WeeksAheadBooking"
FROM system_settings AS s
LIMIT 1
2026-05-02 20:24:14.849 -05:00 [INF] Executed DbCommand (2ms) [Parameters=[@__providerId_0='?' (DbType = Guid), @__dayOfWeek_1='?' (DbType = Int32)], CommandType='"Text"', CommandTimeout='30']
SELECT w."Id", w."CreatedAtUtc", w."DayOfWeek", w."EndTime", w."IsActive", w."ProviderId", w."SlotIntervalMinutes", w."StartTime", w."UpdatedAtUtc"
FROM weekly_availabilities AS w
WHERE w."ProviderId" = @__providerId_0 AND w."IsActive" AND w."DayOfWeek" = @__dayOfWeek_1
ORDER BY w."StartTime"
2026-05-02 20:24:14.857 -05:00 [INF] Executed DbCommand (2ms) [Parameters=[@__providerId_0='?' (DbType = Guid), @__date_1='?' (DbType = Date)], CommandType='"Text"', CommandTimeout='30']
SELECT a."StartTime"
FROM appointments AS a
WHERE a."ProviderId" = @__providerId_0 AND a."AppointmentDate" = @__date_1 AND a."Status" = 'Scheduled'
2026-05-02 20:24:14.863 -05:00 [INF] Executing OkObjectResult, writing value of type 'System.Collections.Generic.List`1[[Piedrazul.Application.AvailabilitySlotResponse, Piedrazul.Application, Version=1.0.0.0, Culture=neutral, PublicKeyToken=null]]'.
2026-05-02 20:24:14.868 -05:00 [INF] Executed action Piedrazul.Api.Controllers.PublicController.GetAvailability (Piedrazul.Api) in 41.3358ms
2026-05-02 20:24:14.871 -05:00 [INF] Executed endpoint 'Piedrazul.Api.Controllers.PublicController.GetAvailability (Piedrazul.Api)'
2026-05-02 20:24:14.873 -05:00 [INF] Request finished HTTP/1.1 GET http://localhost:5184/api/public/providers/fd32bbc2-6f05-497f-ab0d-7ef57338e037/availability?date=2026-05-16 - 200 null application/json; charset=utf-8 78.2292ms
2026-05-02 20:24:18.548 -05:00 [INF] Request starting HTTP/1.1 GET http://localhost:5184/api/public/providers/fd32bbc2-6f05-497f-ab0d-7ef57338e037/availability?date=2026-05-19 - null null
2026-05-02 20:24:18.557 -05:00 [INF] CORS policy execution successful.
2026-05-02 20:24:18.560 -05:00 [INF] Executing endpoint 'Piedrazul.Api.Controllers.PublicController.GetAvailability (Piedrazul.Api)'
2026-05-02 20:24:18.562 -05:00 [INF] Route matched with {action = "GetAvailability", controller = "Public"}. Executing controller action with signature System.Threading.Tasks.Task`1[Microsoft.AspNetCore.Mvc.ActionResult`1[System.Collections.Generic.IReadOnlyList`1[Piedrazul.Application.AvailabilitySlotResponse]]] GetAvailability(System.Guid, System.DateOnly, System.Threading.CancellationToken) on controller Piedrazul.Api.Controllers.PublicController (Piedrazul.Api).
2026-05-02 20:24:18.572 -05:00 [INF] Executed DbCommand (2ms) [Parameters=[@__providerId_0='?' (DbType = Guid)], CommandType='"Text"', CommandTimeout='30']
SELECT p."Id", p."Code", p."CreatedAtUtc", p."DefaultSlotIntervalMinutes", p."FirstName", p."IsActive", p."LastName", p."Specialty", p."UpdatedAtUtc"
FROM providers AS p
WHERE p."Id" = @__providerId_0 AND p."IsActive"
LIMIT 1
2026-05-02 20:24:18.583 -05:00 [INF] Executed DbCommand (3ms) [Parameters=[], CommandType='"Text"', CommandTimeout='30']
SELECT s."Id", s."CreatedAtUtc", s."TimeZoneId", s."UpdatedAtUtc", s."WeeksAheadBooking"
FROM system_settings AS s
LIMIT 1
2026-05-02 20:24:18.597 -05:00 [INF] Executed DbCommand (2ms) [Parameters=[@__providerId_0='?' (DbType = Guid), @__dayOfWeek_1='?' (DbType = Int32)], CommandType='"Text"', CommandTimeout='30']
SELECT w."Id", w."CreatedAtUtc", w."DayOfWeek", w."EndTime", w."IsActive", w."ProviderId", w."SlotIntervalMinutes", w."StartTime", w."UpdatedAtUtc"
FROM weekly_availabilities AS w
WHERE w."ProviderId" = @__providerId_0 AND w."IsActive" AND w."DayOfWeek" = @__dayOfWeek_1
ORDER BY w."StartTime"
2026-05-02 20:24:18.609 -05:00 [INF] Executed DbCommand (4ms) [Parameters=[@__providerId_0='?' (DbType = Guid), @__date_1='?' (DbType = Date)], CommandType='"Text"', CommandTimeout='30']
SELECT a."StartTime"
FROM appointments AS a
WHERE a."ProviderId" = @__providerId_0 AND a."AppointmentDate" = @__date_1 AND a."Status" = 'Scheduled'
2026-05-02 20:24:18.626 -05:00 [INF] Executing OkObjectResult, writing value of type 'System.Collections.Generic.List`1[[Piedrazul.Application.AvailabilitySlotResponse, Piedrazul.Application, Version=1.0.0.0, Culture=neutral, PublicKeyToken=null]]'.
2026-05-02 20:24:18.629 -05:00 [INF] Executed action Piedrazul.Api.Controllers.PublicController.GetAvailability (Piedrazul.Api) in 64.2851ms
2026-05-02 20:24:18.633 -05:00 [INF] Executed endpoint 'Piedrazul.Api.Controllers.PublicController.GetAvailability (Piedrazul.Api)'
2026-05-02 20:24:18.642 -05:00 [INF] Request finished HTTP/1.1 GET http://localhost:5184/api/public/providers/fd32bbc2-6f05-497f-ab0d-7ef57338e037/availability?date=2026-05-19 - 200 null application/json; charset=utf-8 94.1905ms
2026-05-02 20:24:23.525 -05:00 [INF] Request starting HTTP/1.1 GET http://localhost:5184/api/public/providers/fd32bbc2-6f05-497f-ab0d-7ef57338e037/availability?date=2026-05-12 - null null
2026-05-02 20:24:23.529 -05:00 [INF] CORS policy execution successful.
2026-05-02 20:24:23.532 -05:00 [INF] Executing endpoint 'Piedrazul.Api.Controllers.PublicController.GetAvailability (Piedrazul.Api)'
2026-05-02 20:24:23.537 -05:00 [INF] Route matched with {action = "GetAvailability", controller = "Public"}. Executing controller action with signature System.Threading.Tasks.Task`1[Microsoft.AspNetCore.Mvc.ActionResult`1[System.Collections.Generic.IReadOnlyList`1[Piedrazul.Application.AvailabilitySlotResponse]]] GetAvailability(System.Guid, System.DateOnly, System.Threading.CancellationToken) on controller Piedrazul.Api.Controllers.PublicController (Piedrazul.Api).
2026-05-02 20:24:23.543 -05:00 [INF] Executed DbCommand (2ms) [Parameters=[@__providerId_0='?' (DbType = Guid)], CommandType='"Text"', CommandTimeout='30']
SELECT p."Id", p."Code", p."CreatedAtUtc", p."DefaultSlotIntervalMinutes", p."FirstName", p."IsActive", p."LastName", p."Specialty", p."UpdatedAtUtc"
FROM providers AS p
WHERE p."Id" = @__providerId_0 AND p."IsActive"
LIMIT 1
2026-05-02 20:24:23.548 -05:00 [INF] Executed DbCommand (1ms) [Parameters=[], CommandType='"Text"', CommandTimeout='30']
SELECT s."Id", s."CreatedAtUtc", s."TimeZoneId", s."UpdatedAtUtc", s."WeeksAheadBooking"
FROM system_settings AS s
LIMIT 1
2026-05-02 20:24:23.555 -05:00 [INF] Executing OkObjectResult, writing value of type 'System.Collections.Generic.List`1[[Piedrazul.Application.AvailabilitySlotResponse, Piedrazul.Application, Version=1.0.0.0, Culture=neutral, PublicKeyToken=null]]'.
2026-05-02 20:24:23.557 -05:00 [INF] Executed action Piedrazul.Api.Controllers.PublicController.GetAvailability (Piedrazul.Api) in 17.2454ms
2026-05-02 20:24:23.560 -05:00 [INF] Executed endpoint 'Piedrazul.Api.Controllers.PublicController.GetAvailability (Piedrazul.Api)'
2026-05-02 20:24:23.562 -05:00 [INF] Request finished HTTP/1.1 GET http://localhost:5184/api/public/providers/fd32bbc2-6f05-497f-ab0d-7ef57338e037/availability?date=2026-05-12 - 200 null application/json; charset=utf-8 36.2159ms
2026-05-02 20:24:26.336 -05:00 [INF] Request starting HTTP/1.1 GET http://localhost:5184/api/public/providers/fd32bbc2-6f05-497f-ab0d-7ef57338e037/availability?date=2026-05-11 - null null
2026-05-02 20:24:26.340 -05:00 [INF] CORS policy execution successful.
2026-05-02 20:24:26.342 -05:00 [INF] Executing endpoint 'Piedrazul.Api.Controllers.PublicController.GetAvailability (Piedrazul.Api)'
2026-05-02 20:24:26.345 -05:00 [INF] Route matched with {action = "GetAvailability", controller = "Public"}. Executing controller action with signature System.Threading.Tasks.Task`1[Microsoft.AspNetCore.Mvc.ActionResult`1[System.Collections.Generic.IReadOnlyList`1[Piedrazul.Application.AvailabilitySlotResponse]]] GetAvailability(System.Guid, System.DateOnly, System.Threading.CancellationToken) on controller Piedrazul.Api.Controllers.PublicController (Piedrazul.Api).
2026-05-02 20:24:26.354 -05:00 [INF] Executed DbCommand (1ms) [Parameters=[@__providerId_0='?' (DbType = Guid)], CommandType='"Text"', CommandTimeout='30']
SELECT p."Id", p."Code", p."CreatedAtUtc", p."DefaultSlotIntervalMinutes", p."FirstName", p."IsActive", p."LastName", p."Specialty", p."UpdatedAtUtc"
FROM providers AS p
WHERE p."Id" = @__providerId_0 AND p."IsActive"
LIMIT 1
2026-05-02 20:24:26.361 -05:00 [INF] Executed DbCommand (2ms) [Parameters=[], CommandType='"Text"', CommandTimeout='30']
SELECT s."Id", s."CreatedAtUtc", s."TimeZoneId", s."UpdatedAtUtc", s."WeeksAheadBooking"
FROM system_settings AS s
LIMIT 1
2026-05-02 20:24:26.372 -05:00 [INF] Executed DbCommand (2ms) [Parameters=[@__providerId_0='?' (DbType = Guid), @__dayOfWeek_1='?' (DbType = Int32)], CommandType='"Text"', CommandTimeout='30']
SELECT w."Id", w."CreatedAtUtc", w."DayOfWeek", w."EndTime", w."IsActive", w."ProviderId", w."SlotIntervalMinutes", w."StartTime", w."UpdatedAtUtc"
FROM weekly_availabilities AS w
WHERE w."ProviderId" = @__providerId_0 AND w."IsActive" AND w."DayOfWeek" = @__dayOfWeek_1
ORDER BY w."StartTime"
2026-05-02 20:24:26.378 -05:00 [INF] Executed DbCommand (2ms) [Parameters=[@__providerId_0='?' (DbType = Guid), @__date_1='?' (DbType = Date)], CommandType='"Text"', CommandTimeout='30']
SELECT a."StartTime"
FROM appointments AS a
WHERE a."ProviderId" = @__providerId_0 AND a."AppointmentDate" = @__date_1 AND a."Status" = 'Scheduled'
2026-05-02 20:24:26.387 -05:00 [INF] Executing OkObjectResult, writing value of type 'System.Collections.Generic.List`1[[Piedrazul.Application.AvailabilitySlotResponse, Piedrazul.Application, Version=1.0.0.0, Culture=neutral, PublicKeyToken=null]]'.
2026-05-02 20:24:26.392 -05:00 [INF] Executed action Piedrazul.Api.Controllers.PublicController.GetAvailability (Piedrazul.Api) in 41.3748ms
2026-05-02 20:24:26.400 -05:00 [INF] Executed endpoint 'Piedrazul.Api.Controllers.PublicController.GetAvailability (Piedrazul.Api)'
2026-05-02 20:24:26.410 -05:00 [INF] Request finished HTTP/1.1 GET http://localhost:5184/api/public/providers/fd32bbc2-6f05-497f-ab0d-7ef57338e037/availability?date=2026-05-11 - 200 null application/json; charset=utf-8 73.0478ms
2026-05-02 20:24:32.874 -05:00 [INF] Request starting HTTP/1.1 OPTIONS http://localhost:5184/api/patient/appointments - null null
2026-05-02 20:24:32.879 -05:00 [INF] CORS policy execution successful.
2026-05-02 20:24:32.880 -05:00 [INF] Request finished HTTP/1.1 OPTIONS http://localhost:5184/api/patient/appointments - 204 null null 6.1937ms
2026-05-02 20:24:32.887 -05:00 [INF] Request starting HTTP/1.1 POST http://localhost:5184/api/patient/appointments - application/json 285
2026-05-02 20:24:32.899 -05:00 [INF] CORS policy execution successful.
2026-05-02 20:24:32.901 -05:00 [INF] Executing endpoint 'Piedrazul.Api.Controllers.PatientController.CreateAuthenticatedAppointment (Piedrazul.Api)'
2026-05-02 20:24:32.913 -05:00 [INF] Route matched with {action = "CreateAuthenticatedAppointment", controller = "Patient"}. Executing controller action with signature System.Threading.Tasks.Task`1[Microsoft.AspNetCore.Mvc.ActionResult`1[Piedrazul.Application.AppointmentResponse]] CreateAuthenticatedAppointment(Piedrazul.Application.PublicAppointmentRequest, System.Threading.CancellationToken) on controller Piedrazul.Api.Controllers.PatientController (Piedrazul.Api).
2026-05-02 20:24:32.950 -05:00 [INF] Executed DbCommand (2ms) [Parameters=[@__providerId_0='?' (DbType = Guid)], CommandType='"Text"', CommandTimeout='30']
SELECT p."Id", p."Code", p."CreatedAtUtc", p."DefaultSlotIntervalMinutes", p."FirstName", p."IsActive", p."LastName", p."Specialty", p."UpdatedAtUtc"
FROM providers AS p
WHERE p."Id" = @__providerId_0 AND p."IsActive"
LIMIT 1
2026-05-02 20:24:32.984 -05:00 [INF] Executed DbCommand (5ms) [Parameters=[@__providerId_0='?' (DbType = Guid)], CommandType='"Text"', CommandTimeout='30']
SELECT p."Id", p."Code", p."CreatedAtUtc", p."DefaultSlotIntervalMinutes", p."FirstName", p."IsActive", p."LastName", p."Specialty", p."UpdatedAtUtc"
FROM providers AS p
WHERE p."Id" = @__providerId_0 AND p."IsActive"
LIMIT 1
2026-05-02 20:24:32.997 -05:00 [INF] Executed DbCommand (3ms) [Parameters=[], CommandType='"Text"', CommandTimeout='30']
SELECT s."Id", s."CreatedAtUtc", s."TimeZoneId", s."UpdatedAtUtc", s."WeeksAheadBooking"
FROM system_settings AS s
LIMIT 1
2026-05-02 20:24:33.018 -05:00 [INF] Executed DbCommand (5ms) [Parameters=[@__externalUserId_0='?'], CommandType='"Text"', CommandTimeout='30']
SELECT p."Id", p."BirthDate", p."CreatedAtUtc", p."DocumentNumber", p."Email", p."ExternalUserId", p."FirstName", p."Gender", p."IsGuest", p."LastName", p."Phone", p."UpdatedAtUtc"
FROM patient_profiles AS p
WHERE p."ExternalUserId" = @__externalUserId_0
LIMIT 1
2026-05-02 20:24:33.225 -05:00 [INF] Executed DbCommand (38ms) [Parameters=[@p0='?' (DbType = Guid), @p1='?' (DbType = Date), @p2='?', @p3='?' (DbType = DateTime), @p4='?', @p5='?' (DbType = Time), @p6='?', @p7='?' (DbType = Guid), @p8='?' (DbType = Guid), @p9='?' (DbType = Time), @p10='?', @p11='?' (DbType = DateTime)], CommandType='"Text"', CommandTimeout='30']
INSERT INTO appointments ("Id", "AppointmentDate", "Channel", "CreatedAtUtc", "CreatedBy", "EndTime", "Notes", "PatientProfileId", "ProviderId", "StartTime", "Status", "UpdatedAtUtc")
VALUES (@p0, @p1, @p2, @p3, @p4, @p5, @p6, @p7, @p8, @p9, @p10, @p11);
2026-05-02 20:24:33.241 -05:00 [INF] AUDIT appointment.created {"Id":"ea1dfff8-c5fc-4a40-ba01-657c5ef3335c","AppointmentDate":"2026-05-11","StartTime":"09:00:00.0000000","createdBy":"Juan Ramirez"}
2026-05-02 20:24:33.284 -05:00 [INF] Start processing HTTP request POST http://localhost:5200/notifications/appointment
2026-05-02 20:24:33.291 -05:00 [INF] Sending HTTP request POST http://localhost:5200/notifications/appointment
2026-05-02 20:24:35.044 -05:00 [INF] Received HTTP response headers after 1745.9754ms - 202
2026-05-02 20:24:35.048 -05:00 [INF] End processing HTTP request after 1766.526ms - 202
2026-05-02 20:24:35.068 -05:00 [INF] Executing OkObjectResult, writing value of type 'Piedrazul.Application.AppointmentResponse'.
2026-05-02 20:24:35.076 -05:00 [INF] Executed action Piedrazul.Api.Controllers.PatientController.CreateAuthenticatedAppointment (Piedrazul.Api) in 2159.3427ms
2026-05-02 20:24:35.079 -05:00 [INF] Executed endpoint 'Piedrazul.Api.Controllers.PatientController.CreateAuthenticatedAppointment (Piedrazul.Api)'
2026-05-02 20:24:35.081 -05:00 [INF] Request finished HTTP/1.1 POST http://localhost:5184/api/patient/appointments - 200 null application/json; charset=utf-8 2193.6087ms
2026-05-02 20:24:39.571 -05:00 [INF] Request starting HTTP/1.1 OPTIONS http://localhost:5184/api/patient/appointments - null null
2026-05-02 20:24:39.588 -05:00 [INF] Request starting HTTP/1.1 OPTIONS http://localhost:5184/api/patient/appointments - null null
2026-05-02 20:24:39.606 -05:00 [INF] CORS policy execution successful.
2026-05-02 20:24:39.634 -05:00 [INF] CORS policy execution successful.
2026-05-02 20:24:39.639 -05:00 [INF] Request finished HTTP/1.1 OPTIONS http://localhost:5184/api/patient/appointments - 204 null null 68.1598ms
2026-05-02 20:24:39.642 -05:00 [INF] Request finished HTTP/1.1 OPTIONS http://localhost:5184/api/patient/appointments - 204 null null 53.328ms
2026-05-02 20:24:39.650 -05:00 [INF] Request starting HTTP/1.1 GET http://localhost:5184/api/patient/appointments - null null
2026-05-02 20:24:39.662 -05:00 [INF] CORS policy execution successful.
2026-05-02 20:24:39.664 -05:00 [INF] Executing endpoint 'Piedrazul.Api.Controllers.PatientController.GetMyAppointments (Piedrazul.Api)'
2026-05-02 20:24:39.666 -05:00 [INF] Route matched with {action = "GetMyAppointments", controller = "Patient"}. Executing controller action with signature System.Threading.Tasks.Task`1[Microsoft.AspNetCore.Mvc.ActionResult`1[System.Collections.Generic.IReadOnlyList`1[Piedrazul.Application.AppointmentResponse]]] GetMyAppointments(System.Threading.CancellationToken) on controller Piedrazul.Api.Controllers.PatientController (Piedrazul.Api).
2026-05-02 20:24:39.678 -05:00 [INF] Executed DbCommand (2ms) [Parameters=[@__externalUserId_0='?'], CommandType='"Text"', CommandTimeout='30']
SELECT p."Id", p."BirthDate", p."CreatedAtUtc", p."DocumentNumber", p."Email", p."ExternalUserId", p."FirstName", p."Gender", p."IsGuest", p."LastName", p."Phone", p."UpdatedAtUtc"
FROM patient_profiles AS p
WHERE p."ExternalUserId" = @__externalUserId_0
LIMIT 1
2026-05-02 20:24:39.774 -05:00 [INF] Executed DbCommand (48ms) [Parameters=[@__documentNumber_0='?'], CommandType='"Text"', CommandTimeout='30']
SELECT a."Id", a."AppointmentDate", a."Channel", a."CreatedAtUtc", a."CreatedBy", a."EndTime", a."Notes", a."PatientProfileId", a."ProviderId", a."StartTime", a."Status", a."UpdatedAtUtc", p0."Id", p0."Code", p0."CreatedAtUtc", p0."DefaultSlotIntervalMinutes", p0."FirstName", p0."IsActive", p0."LastName", p0."Specialty", p0."UpdatedAtUtc", p."Id", p."BirthDate", p."CreatedAtUtc", p."DocumentNumber", p."Email", p."ExternalUserId", p."FirstName", p."Gender", p."IsGuest", p."LastName", p."Phone", p."UpdatedAtUtc"
FROM appointments AS a
INNER JOIN patient_profiles AS p ON a."PatientProfileId" = p."Id"
INNER JOIN providers AS p0 ON a."ProviderId" = p0."Id"
WHERE p."DocumentNumber" = @__documentNumber_0
ORDER BY a."AppointmentDate" DESC, a."StartTime"
2026-05-02 20:24:39.789 -05:00 [INF] Executing OkObjectResult, writing value of type 'System.Collections.Generic.List`1[[Piedrazul.Application.AppointmentResponse, Piedrazul.Application, Version=1.0.0.0, Culture=neutral, PublicKeyToken=null]]'.
2026-05-02 20:24:39.797 -05:00 [INF] Executed action Piedrazul.Api.Controllers.PatientController.GetMyAppointments (Piedrazul.Api) in 123.5102ms
2026-05-02 20:24:39.799 -05:00 [INF] Request starting HTTP/1.1 GET http://localhost:5184/api/patient/appointments - null null
2026-05-02 20:24:39.802 -05:00 [INF] Executed endpoint 'Piedrazul.Api.Controllers.PatientController.GetMyAppointments (Piedrazul.Api)'
2026-05-02 20:24:39.806 -05:00 [INF] CORS policy execution successful.
2026-05-02 20:24:39.807 -05:00 [INF] Request finished HTTP/1.1 GET http://localhost:5184/api/patient/appointments - 200 null application/json; charset=utf-8 156.6156ms
2026-05-02 20:24:39.808 -05:00 [INF] Executing endpoint 'Piedrazul.Api.Controllers.PatientController.GetMyAppointments (Piedrazul.Api)'
2026-05-02 20:24:39.811 -05:00 [INF] Route matched with {action = "GetMyAppointments", controller = "Patient"}. Executing controller action with signature System.Threading.Tasks.Task`1[Microsoft.AspNetCore.Mvc.ActionResult`1[System.Collections.Generic.IReadOnlyList`1[Piedrazul.Application.AppointmentResponse]]] GetMyAppointments(System.Threading.CancellationToken) on controller Piedrazul.Api.Controllers.PatientController (Piedrazul.Api).
2026-05-02 20:24:39.818 -05:00 [INF] Executed DbCommand (2ms) [Parameters=[@__externalUserId_0='?'], CommandType='"Text"', CommandTimeout='30']
SELECT p."Id", p."BirthDate", p."CreatedAtUtc", p."DocumentNumber", p."Email", p."ExternalUserId", p."FirstName", p."Gender", p."IsGuest", p."LastName", p."Phone", p."UpdatedAtUtc"
FROM patient_profiles AS p
WHERE p."ExternalUserId" = @__externalUserId_0
LIMIT 1
2026-05-02 20:24:39.825 -05:00 [INF] Executed DbCommand (3ms) [Parameters=[@__documentNumber_0='?'], CommandType='"Text"', CommandTimeout='30']
SELECT a."Id", a."AppointmentDate", a."Channel", a."CreatedAtUtc", a."CreatedBy", a."EndTime", a."Notes", a."PatientProfileId", a."ProviderId", a."StartTime", a."Status", a."UpdatedAtUtc", p0."Id", p0."Code", p0."CreatedAtUtc", p0."DefaultSlotIntervalMinutes", p0."FirstName", p0."IsActive", p0."LastName", p0."Specialty", p0."UpdatedAtUtc", p."Id", p."BirthDate", p."CreatedAtUtc", p."DocumentNumber", p."Email", p."ExternalUserId", p."FirstName", p."Gender", p."IsGuest", p."LastName", p."Phone", p."UpdatedAtUtc"
FROM appointments AS a
INNER JOIN patient_profiles AS p ON a."PatientProfileId" = p."Id"
INNER JOIN providers AS p0 ON a."ProviderId" = p0."Id"
WHERE p."DocumentNumber" = @__documentNumber_0
ORDER BY a."AppointmentDate" DESC, a."StartTime"
2026-05-02 20:24:39.830 -05:00 [INF] Executing OkObjectResult, writing value of type 'System.Collections.Generic.List`1[[Piedrazul.Application.AppointmentResponse, Piedrazul.Application, Version=1.0.0.0, Culture=neutral, PublicKeyToken=null]]'.
2026-05-02 20:24:39.832 -05:00 [INF] Executed action Piedrazul.Api.Controllers.PatientController.GetMyAppointments (Piedrazul.Api) in 18.2645ms
2026-05-02 20:24:39.836 -05:00 [INF] Executed endpoint 'Piedrazul.Api.Controllers.PatientController.GetMyAppointments (Piedrazul.Api)'
2026-05-02 20:24:39.838 -05:00 [INF] Request finished HTTP/1.1 GET http://localhost:5184/api/patient/appointments - 200 null application/json; charset=utf-8 38.8608ms
2026-05-02 20:24:46.139 -05:00 [INF] Request starting HTTP/1.1 GET http://localhost:5184/api/public/providers - null null
2026-05-02 20:24:46.139 -05:00 [INF] Request starting HTTP/1.1 OPTIONS http://localhost:5184/api/patient/profile - null null
2026-05-02 20:24:46.139 -05:00 [INF] Request starting HTTP/1.1 OPTIONS http://localhost:5184/api/patient/profile - null null
2026-05-02 20:24:46.145 -05:00 [INF] CORS policy execution successful.
2026-05-02 20:24:46.150 -05:00 [INF] CORS policy execution successful.
2026-05-02 20:24:46.154 -05:00 [INF] CORS policy execution successful.
2026-05-02 20:24:46.158 -05:00 [INF] Executing endpoint 'Piedrazul.Api.Controllers.PublicController.GetProviders (Piedrazul.Api)'
2026-05-02 20:24:46.164 -05:00 [INF] Request finished HTTP/1.1 OPTIONS http://localhost:5184/api/patient/profile - 204 null null 25.0793ms
2026-05-02 20:24:46.167 -05:00 [INF] Request finished HTTP/1.1 OPTIONS http://localhost:5184/api/patient/profile - 204 null null 28.2586ms
2026-05-02 20:24:46.169 -05:00 [INF] Route matched with {action = "GetProviders", controller = "Public"}. Executing controller action with signature System.Threading.Tasks.Task`1[Microsoft.AspNetCore.Mvc.ActionResult`1[System.Collections.Generic.IReadOnlyList`1[Piedrazul.Application.ProviderSummaryResponse]]] GetProviders(System.Threading.CancellationToken) on controller Piedrazul.Api.Controllers.PublicController (Piedrazul.Api).
2026-05-02 20:24:46.174 -05:00 [INF] Request starting HTTP/1.1 GET http://localhost:5184/api/patient/profile - null null
2026-05-02 20:24:46.222 -05:00 [INF] CORS policy execution successful.
2026-05-02 20:24:46.222 -05:00 [INF] Executed DbCommand (3ms) [Parameters=[], CommandType='"Text"', CommandTimeout='30']
SELECT p."Id", p."Code", p."CreatedAtUtc", p."DefaultSlotIntervalMinutes", p."FirstName", p."IsActive", p."LastName", p."Specialty", p."UpdatedAtUtc"
FROM providers AS p
WHERE p."IsActive"
2026-05-02 20:24:46.224 -05:00 [INF] Executing endpoint 'Piedrazul.Api.Controllers.PatientController.GetMyProfile (Piedrazul.Api)'
2026-05-02 20:24:46.233 -05:00 [INF] Executing OkObjectResult, writing value of type 'System.Collections.Generic.List`1[[Piedrazul.Application.ProviderSummaryResponse, Piedrazul.Application, Version=1.0.0.0, Culture=neutral, PublicKeyToken=null]]'.
2026-05-02 20:24:46.235 -05:00 [INF] Route matched with {action = "GetMyProfile", controller = "Patient"}. Executing controller action with signature System.Threading.Tasks.Task`1[Microsoft.AspNetCore.Mvc.ActionResult`1[Piedrazul.Application.PatientProfileResponse]] GetMyProfile(System.Threading.CancellationToken) on controller Piedrazul.Api.Controllers.PatientController (Piedrazul.Api).
2026-05-02 20:24:46.242 -05:00 [INF] Executed action Piedrazul.Api.Controllers.PublicController.GetProviders (Piedrazul.Api) in 25.4306ms
2026-05-02 20:24:46.244 -05:00 [INF] Request starting HTTP/1.1 GET http://localhost:5184/api/public/providers - null null
2026-05-02 20:24:46.247 -05:00 [INF] Executed endpoint 'Piedrazul.Api.Controllers.PublicController.GetProviders (Piedrazul.Api)'
2026-05-02 20:24:46.248 -05:00 [INF] Executed DbCommand (3ms) [Parameters=[@__externalUserId_0='?'], CommandType='"Text"', CommandTimeout='30']
SELECT p."Id", p."BirthDate", p."CreatedAtUtc", p."DocumentNumber", p."Email", p."ExternalUserId", p."FirstName", p."Gender", p."IsGuest", p."LastName", p."Phone", p."UpdatedAtUtc"
FROM patient_profiles AS p
WHERE p."ExternalUserId" = @__externalUserId_0
LIMIT 1
2026-05-02 20:24:46.252 -05:00 [INF] CORS policy execution successful.
2026-05-02 20:24:46.253 -05:00 [INF] Request finished HTTP/1.1 GET http://localhost:5184/api/public/providers - 200 null application/json; charset=utf-8 114.1751ms
2026-05-02 20:24:46.258 -05:00 [INF] Executing OkObjectResult, writing value of type 'Piedrazul.Application.PatientProfileResponse'.
2026-05-02 20:24:46.270 -05:00 [INF] Executing endpoint 'Piedrazul.Api.Controllers.PublicController.GetProviders (Piedrazul.Api)'
2026-05-02 20:24:46.289 -05:00 [INF] Executed action Piedrazul.Api.Controllers.PatientController.GetMyProfile (Piedrazul.Api) in 46.6284ms
2026-05-02 20:24:46.291 -05:00 [INF] Request starting HTTP/1.1 GET http://localhost:5184/api/patient/profile - null null
2026-05-02 20:24:46.301 -05:00 [INF] Route matched with {action = "GetProviders", controller = "Public"}. Executing controller action with signature System.Threading.Tasks.Task`1[Microsoft.AspNetCore.Mvc.ActionResult`1[System.Collections.Generic.IReadOnlyList`1[Piedrazul.Application.ProviderSummaryResponse]]] GetProviders(System.Threading.CancellationToken) on controller Piedrazul.Api.Controllers.PublicController (Piedrazul.Api).
2026-05-02 20:24:46.303 -05:00 [INF] Executed endpoint 'Piedrazul.Api.Controllers.PatientController.GetMyProfile (Piedrazul.Api)'
2026-05-02 20:24:46.307 -05:00 [INF] CORS policy execution successful.
2026-05-02 20:24:46.335 -05:00 [INF] Executed DbCommand (2ms) [Parameters=[], CommandType='"Text"', CommandTimeout='30']
SELECT p."Id", p."Code", p."CreatedAtUtc", p."DefaultSlotIntervalMinutes", p."FirstName", p."IsActive", p."LastName", p."Specialty", p."UpdatedAtUtc"
FROM providers AS p
WHERE p."IsActive"
2026-05-02 20:24:46.336 -05:00 [INF] Request finished HTTP/1.1 GET http://localhost:5184/api/patient/profile - 200 null application/json; charset=utf-8 162.1083ms
2026-05-02 20:24:46.339 -05:00 [INF] Executing endpoint 'Piedrazul.Api.Controllers.PatientController.GetMyProfile (Piedrazul.Api)'
2026-05-02 20:24:46.346 -05:00 [INF] Executing OkObjectResult, writing value of type 'System.Collections.Generic.List`1[[Piedrazul.Application.ProviderSummaryResponse, Piedrazul.Application, Version=1.0.0.0, Culture=neutral, PublicKeyToken=null]]'.
2026-05-02 20:24:46.362 -05:00 [INF] Route matched with {action = "GetMyProfile", controller = "Patient"}. Executing controller action with signature System.Threading.Tasks.Task`1[Microsoft.AspNetCore.Mvc.ActionResult`1[Piedrazul.Application.PatientProfileResponse]] GetMyProfile(System.Threading.CancellationToken) on controller Piedrazul.Api.Controllers.PatientController (Piedrazul.Api).
2026-05-02 20:24:46.366 -05:00 [INF] Executed action Piedrazul.Api.Controllers.PublicController.GetProviders (Piedrazul.Api) in 34.3183ms
2026-05-02 20:24:46.372 -05:00 [INF] Executed endpoint 'Piedrazul.Api.Controllers.PublicController.GetProviders (Piedrazul.Api)'
2026-05-02 20:24:46.373 -05:00 [INF] Executed DbCommand (2ms) [Parameters=[@__externalUserId_0='?'], CommandType='"Text"', CommandTimeout='30']
SELECT p."Id", p."BirthDate", p."CreatedAtUtc", p."DocumentNumber", p."Email", p."ExternalUserId", p."FirstName", p."Gender", p."IsGuest", p."LastName", p."Phone", p."UpdatedAtUtc"
FROM patient_profiles AS p
WHERE p."ExternalUserId" = @__externalUserId_0
LIMIT 1
2026-05-02 20:24:46.399 -05:00 [INF] Executing OkObjectResult, writing value of type 'Piedrazul.Application.PatientProfileResponse'.
2026-05-02 20:24:46.377 -05:00 [INF] Request finished HTTP/1.1 GET http://localhost:5184/api/public/providers - 200 null application/json; charset=utf-8 132.719ms
2026-05-02 20:24:46.419 -05:00 [INF] Executed action Piedrazul.Api.Controllers.PatientController.GetMyProfile (Piedrazul.Api) in 49.998ms
2026-05-02 20:24:46.455 -05:00 [INF] Executed endpoint 'Piedrazul.Api.Controllers.PatientController.GetMyProfile (Piedrazul.Api)'
2026-05-02 20:24:46.457 -05:00 [INF] Request finished HTTP/1.1 GET http://localhost:5184/api/patient/profile - 200 null application/json; charset=utf-8 165.8451ms
2026-05-02 20:24:52.117 -05:00 [INF] Request starting HTTP/1.1 GET http://localhost:5184/api/public/providers/fd32bbc2-6f05-497f-ab0d-7ef57338e037/availability?date=2026-05-11 - null null
2026-05-02 20:24:52.136 -05:00 [INF] CORS policy execution successful.
2026-05-02 20:24:52.147 -05:00 [INF] Executing endpoint 'Piedrazul.Api.Controllers.PublicController.GetAvailability (Piedrazul.Api)'
2026-05-02 20:24:52.149 -05:00 [INF] Route matched with {action = "GetAvailability", controller = "Public"}. Executing controller action with signature System.Threading.Tasks.Task`1[Microsoft.AspNetCore.Mvc.ActionResult`1[System.Collections.Generic.IReadOnlyList`1[Piedrazul.Application.AvailabilitySlotResponse]]] GetAvailability(System.Guid, System.DateOnly, System.Threading.CancellationToken) on controller Piedrazul.Api.Controllers.PublicController (Piedrazul.Api).
2026-05-02 20:24:52.156 -05:00 [INF] Executed DbCommand (2ms) [Parameters=[@__providerId_0='?' (DbType = Guid)], CommandType='"Text"', CommandTimeout='30']
SELECT p."Id", p."Code", p."CreatedAtUtc", p."DefaultSlotIntervalMinutes", p."FirstName", p."IsActive", p."LastName", p."Specialty", p."UpdatedAtUtc"
FROM providers AS p
WHERE p."Id" = @__providerId_0 AND p."IsActive"
LIMIT 1
2026-05-02 20:24:52.164 -05:00 [INF] Executed DbCommand (2ms) [Parameters=[], CommandType='"Text"', CommandTimeout='30']
SELECT s."Id", s."CreatedAtUtc", s."TimeZoneId", s."UpdatedAtUtc", s."WeeksAheadBooking"
FROM system_settings AS s
LIMIT 1
2026-05-02 20:24:52.175 -05:00 [INF] Executed DbCommand (3ms) [Parameters=[@__providerId_0='?' (DbType = Guid), @__dayOfWeek_1='?' (DbType = Int32)], CommandType='"Text"', CommandTimeout='30']
SELECT w."Id", w."CreatedAtUtc", w."DayOfWeek", w."EndTime", w."IsActive", w."ProviderId", w."SlotIntervalMinutes", w."StartTime", w."UpdatedAtUtc"
FROM weekly_availabilities AS w
WHERE w."ProviderId" = @__providerId_0 AND w."IsActive" AND w."DayOfWeek" = @__dayOfWeek_1
ORDER BY w."StartTime"
2026-05-02 20:24:52.182 -05:00 [INF] Executed DbCommand (3ms) [Parameters=[@__providerId_0='?' (DbType = Guid), @__date_1='?' (DbType = Date)], CommandType='"Text"', CommandTimeout='30']
SELECT a."StartTime"
FROM appointments AS a
WHERE a."ProviderId" = @__providerId_0 AND a."AppointmentDate" = @__date_1 AND a."Status" = 'Scheduled'
2026-05-02 20:24:52.188 -05:00 [INF] Executing OkObjectResult, writing value of type 'System.Collections.Generic.List`1[[Piedrazul.Application.AvailabilitySlotResponse, Piedrazul.Application, Version=1.0.0.0, Culture=neutral, PublicKeyToken=null]]'.
2026-05-02 20:24:52.193 -05:00 [INF] Executed action Piedrazul.Api.Controllers.PublicController.GetAvailability (Piedrazul.Api) in 41.3691ms
2026-05-02 20:24:52.196 -05:00 [INF] Executed endpoint 'Piedrazul.Api.Controllers.PublicController.GetAvailability (Piedrazul.Api)'
2026-05-02 20:24:52.198 -05:00 [INF] Request finished HTTP/1.1 GET http://localhost:5184/api/public/providers/fd32bbc2-6f05-497f-ab0d-7ef57338e037/availability?date=2026-05-11 - 200 null application/json; charset=utf-8 81.0848ms
2026-05-02 20:25:07.121 -05:00 [INF] Request starting HTTP/1.1 GET http://localhost:5184/api/public/patients/lookup?document=12345678 - null null
2026-05-02 20:25:07.128 -05:00 [INF] CORS policy execution successful.
2026-05-02 20:25:07.130 -05:00 [INF] Executing endpoint 'Piedrazul.Api.Controllers.PublicController.LookupPatient (Piedrazul.Api)'
2026-05-02 20:25:07.140 -05:00 [INF] Route matched with {action = "LookupPatient", controller = "Public"}. Executing controller action with signature System.Threading.Tasks.Task`1[Microsoft.AspNetCore.Mvc.ActionResult`1[Piedrazul.Application.PatientLookupResponse]] LookupPatient(System.String, System.Threading.CancellationToken) on controller Piedrazul.Api.Controllers.PublicController (Piedrazul.Api).
2026-05-02 20:25:07.153 -05:00 [INF] Executed DbCommand (3ms) [Parameters=[@__documentNumber_0='?'], CommandType='"Text"', CommandTimeout='30']
SELECT p."Id", p."BirthDate", p."CreatedAtUtc", p."DocumentNumber", p."Email", p."ExternalUserId", p."FirstName", p."Gender", p."IsGuest", p."LastName", p."Phone", p."UpdatedAtUtc"
FROM patient_profiles AS p
WHERE p."DocumentNumber" = @__documentNumber_0
LIMIT 1
2026-05-02 20:25:07.249 -05:00 [INF] Executed DbCommand (12ms) [Parameters=[@__patientId_0='?' (DbType = Guid)], CommandType='"Text"', CommandTimeout='30']
SELECT count(*)::int
FROM appointments AS a
WHERE a."PatientProfileId" = @__patientId_0 AND a."Status" = 'Scheduled'
2026-05-02 20:25:07.257 -05:00 [INF] Executing OkObjectResult, writing value of type 'Piedrazul.Application.PatientLookupResponse'.
2026-05-02 20:25:07.267 -05:00 [INF] Executed action Piedrazul.Api.Controllers.PublicController.LookupPatient (Piedrazul.Api) in 123.3365ms
2026-05-02 20:25:07.273 -05:00 [INF] Executed endpoint 'Piedrazul.Api.Controllers.PublicController.LookupPatient (Piedrazul.Api)'
2026-05-02 20:25:07.282 -05:00 [INF] Request finished HTTP/1.1 GET http://localhost:5184/api/public/patients/lookup?document=12345678 - 200 null application/json; charset=utf-8 160.8707ms
2026-05-02 20:25:17.150 -05:00 [INF] Request starting HTTP/1.1 GET http://localhost:5184/api/public/info - null null
2026-05-02 20:25:17.161 -05:00 [INF] CORS policy execution successful.
2026-05-02 20:25:17.163 -05:00 [INF] Executing endpoint 'Piedrazul.Api.Controllers.PublicController.GetInfo (Piedrazul.Api)'
2026-05-02 20:25:17.168 -05:00 [INF] Route matched with {action = "GetInfo", controller = "Public"}. Executing controller action with signature Microsoft.AspNetCore.Mvc.ActionResult`1[Piedrazul.Application.CenterInfoResponse] GetInfo() on controller Piedrazul.Api.Controllers.PublicController (Piedrazul.Api).
2026-05-02 20:25:17.199 -05:00 [INF] Executing OkObjectResult, writing value of type 'Piedrazul.Application.CenterInfoResponse'.
2026-05-02 20:25:17.209 -05:00 [INF] Executed action Piedrazul.Api.Controllers.PublicController.GetInfo (Piedrazul.Api) in 13.0288ms
2026-05-02 20:25:17.211 -05:00 [INF] Request starting HTTP/1.1 GET http://localhost:5184/api/public/info - null null
2026-05-02 20:25:17.220 -05:00 [INF] Executed endpoint 'Piedrazul.Api.Controllers.PublicController.GetInfo (Piedrazul.Api)'
2026-05-02 20:25:17.229 -05:00 [INF] CORS policy execution successful.
2026-05-02 20:25:17.236 -05:00 [INF] Request finished HTTP/1.1 GET http://localhost:5184/api/public/info - 200 null application/json; charset=utf-8 85.8933ms
2026-05-02 20:25:17.243 -05:00 [INF] Executing endpoint 'Piedrazul.Api.Controllers.PublicController.GetInfo (Piedrazul.Api)'
2026-05-02 20:25:17.362 -05:00 [INF] Route matched with {action = "GetInfo", controller = "Public"}. Executing controller action with signature Microsoft.AspNetCore.Mvc.ActionResult`1[Piedrazul.Application.CenterInfoResponse] GetInfo() on controller Piedrazul.Api.Controllers.PublicController (Piedrazul.Api).
2026-05-02 20:25:17.368 -05:00 [INF] Executing OkObjectResult, writing value of type 'Piedrazul.Application.CenterInfoResponse'.
2026-05-02 20:25:17.371 -05:00 [INF] Executed action Piedrazul.Api.Controllers.PublicController.GetInfo (Piedrazul.Api) in 3.8166ms
2026-05-02 20:25:17.374 -05:00 [INF] Executed endpoint 'Piedrazul.Api.Controllers.PublicController.GetInfo (Piedrazul.Api)'
2026-05-02 20:25:17.378 -05:00 [INF] Request finished HTTP/1.1 GET http://localhost:5184/api/public/info - 200 null application/json; charset=utf-8 166.3747ms
2026-05-02 20:25:37.804 -05:00 [INF] Request starting HTTP/1.1 OPTIONS http://localhost:5184/api/patient/appointments - null null
2026-05-02 20:25:37.805 -05:00 [INF] Request starting HTTP/1.1 OPTIONS http://localhost:5184/api/patient/appointments - null null
2026-05-02 20:25:37.810 -05:00 [INF] CORS policy execution successful.
2026-05-02 20:25:37.820 -05:00 [INF] CORS policy execution successful.
2026-05-02 20:25:37.839 -05:00 [INF] Request finished HTTP/1.1 OPTIONS http://localhost:5184/api/patient/appointments - 204 null null 35.2916ms
2026-05-02 20:25:37.845 -05:00 [INF] Request finished HTTP/1.1 OPTIONS http://localhost:5184/api/patient/appointments - 204 null null 39.2953ms
2026-05-02 20:25:37.887 -05:00 [INF] Request starting HTTP/1.1 GET http://localhost:5184/api/patient/appointments - null null
2026-05-02 20:25:37.892 -05:00 [INF] CORS policy execution successful.
2026-05-02 20:25:37.895 -05:00 [INF] Executing endpoint 'Piedrazul.Api.Controllers.PatientController.GetMyAppointments (Piedrazul.Api)'
2026-05-02 20:25:37.900 -05:00 [INF] Route matched with {action = "GetMyAppointments", controller = "Patient"}. Executing controller action with signature System.Threading.Tasks.Task`1[Microsoft.AspNetCore.Mvc.ActionResult`1[System.Collections.Generic.IReadOnlyList`1[Piedrazul.Application.AppointmentResponse]]] GetMyAppointments(System.Threading.CancellationToken) on controller Piedrazul.Api.Controllers.PatientController (Piedrazul.Api).
2026-05-02 20:25:37.910 -05:00 [INF] Executed DbCommand (3ms) [Parameters=[@__externalUserId_0='?'], CommandType='"Text"', CommandTimeout='30']
SELECT p."Id", p."BirthDate", p."CreatedAtUtc", p."DocumentNumber", p."Email", p."ExternalUserId", p."FirstName", p."Gender", p."IsGuest", p."LastName", p."Phone", p."UpdatedAtUtc"
FROM patient_profiles AS p
WHERE p."ExternalUserId" = @__externalUserId_0
LIMIT 1
2026-05-02 20:25:37.955 -05:00 [INF] Executed DbCommand (15ms) [Parameters=[@__documentNumber_0='?'], CommandType='"Text"', CommandTimeout='30']
SELECT a."Id", a."AppointmentDate", a."Channel", a."CreatedAtUtc", a."CreatedBy", a."EndTime", a."Notes", a."PatientProfileId", a."ProviderId", a."StartTime", a."Status", a."UpdatedAtUtc", p0."Id", p0."Code", p0."CreatedAtUtc", p0."DefaultSlotIntervalMinutes", p0."FirstName", p0."IsActive", p0."LastName", p0."Specialty", p0."UpdatedAtUtc", p."Id", p."BirthDate", p."CreatedAtUtc", p."DocumentNumber", p."Email", p."ExternalUserId", p."FirstName", p."Gender", p."IsGuest", p."LastName", p."Phone", p."UpdatedAtUtc"
FROM appointments AS a
INNER JOIN patient_profiles AS p ON a."PatientProfileId" = p."Id"
INNER JOIN providers AS p0 ON a."ProviderId" = p0."Id"
WHERE p."DocumentNumber" = @__documentNumber_0
ORDER BY a."AppointmentDate" DESC, a."StartTime"
2026-05-02 20:25:37.976 -05:00 [INF] Executing OkObjectResult, writing value of type 'System.Collections.Generic.List`1[[Piedrazul.Application.AppointmentResponse, Piedrazul.Application, Version=1.0.0.0, Culture=neutral, PublicKeyToken=null]]'.
2026-05-02 20:25:37.982 -05:00 [INF] Executed action Piedrazul.Api.Controllers.PatientController.GetMyAppointments (Piedrazul.Api) in 79.1325ms
2026-05-02 20:25:37.984 -05:00 [INF] Request starting HTTP/1.1 GET http://localhost:5184/api/patient/appointments - null null
2026-05-02 20:25:37.986 -05:00 [INF] Executed endpoint 'Piedrazul.Api.Controllers.PatientController.GetMyAppointments (Piedrazul.Api)'
2026-05-02 20:25:37.991 -05:00 [INF] CORS policy execution successful.
2026-05-02 20:25:37.993 -05:00 [INF] Request finished HTTP/1.1 GET http://localhost:5184/api/patient/appointments - 200 null application/json; charset=utf-8 105.6593ms
2026-05-02 20:25:37.994 -05:00 [INF] Executing endpoint 'Piedrazul.Api.Controllers.PatientController.GetMyAppointments (Piedrazul.Api)'
2026-05-02 20:25:38.012 -05:00 [INF] Route matched with {action = "GetMyAppointments", controller = "Patient"}. Executing controller action with signature System.Threading.Tasks.Task`1[Microsoft.AspNetCore.Mvc.ActionResult`1[System.Collections.Generic.IReadOnlyList`1[Piedrazul.Application.AppointmentResponse]]] GetMyAppointments(System.Threading.CancellationToken) on controller Piedrazul.Api.Controllers.PatientController (Piedrazul.Api).
2026-05-02 20:25:38.036 -05:00 [INF] Executed DbCommand (9ms) [Parameters=[@__externalUserId_0='?'], CommandType='"Text"', CommandTimeout='30']
SELECT p."Id", p."BirthDate", p."CreatedAtUtc", p."DocumentNumber", p."Email", p."ExternalUserId", p."FirstName", p."Gender", p."IsGuest", p."LastName", p."Phone", p."UpdatedAtUtc"
FROM patient_profiles AS p
WHERE p."ExternalUserId" = @__externalUserId_0
LIMIT 1
2026-05-02 20:25:38.050 -05:00 [INF] Executed DbCommand (6ms) [Parameters=[@__documentNumber_0='?'], CommandType='"Text"', CommandTimeout='30']
SELECT a."Id", a."AppointmentDate", a."Channel", a."CreatedAtUtc", a."CreatedBy", a."EndTime", a."Notes", a."PatientProfileId", a."ProviderId", a."StartTime", a."Status", a."UpdatedAtUtc", p0."Id", p0."Code", p0."CreatedAtUtc", p0."DefaultSlotIntervalMinutes", p0."FirstName", p0."IsActive", p0."LastName", p0."Specialty", p0."UpdatedAtUtc", p."Id", p."BirthDate", p."CreatedAtUtc", p."DocumentNumber", p."Email", p."ExternalUserId", p."FirstName", p."Gender", p."IsGuest", p."LastName", p."Phone", p."UpdatedAtUtc"
FROM appointments AS a
INNER JOIN patient_profiles AS p ON a."PatientProfileId" = p."Id"
INNER JOIN providers AS p0 ON a."ProviderId" = p0."Id"
WHERE p."DocumentNumber" = @__documentNumber_0
ORDER BY a."AppointmentDate" DESC, a."StartTime"
2026-05-02 20:25:38.058 -05:00 [INF] Executing OkObjectResult, writing value of type 'System.Collections.Generic.List`1[[Piedrazul.Application.AppointmentResponse, Piedrazul.Application, Version=1.0.0.0, Culture=neutral, PublicKeyToken=null]]'.
2026-05-02 20:25:38.061 -05:00 [INF] Executed action Piedrazul.Api.Controllers.PatientController.GetMyAppointments (Piedrazul.Api) in 35.5756ms
2026-05-02 20:25:38.070 -05:00 [INF] Executed endpoint 'Piedrazul.Api.Controllers.PatientController.GetMyAppointments (Piedrazul.Api)'
2026-05-02 20:25:38.073 -05:00 [INF] Request finished HTTP/1.1 GET http://localhost:5184/api/patient/appointments - 200 null application/json; charset=utf-8 88.337ms
2026-05-02 20:25:44.265 -05:00 [INF] Request starting HTTP/1.1 GET http://localhost:5184/api/public/providers - null null
2026-05-02 20:25:44.283 -05:00 [INF] CORS policy execution successful.
2026-05-02 20:25:44.287 -05:00 [INF] Executing endpoint 'Piedrazul.Api.Controllers.PublicController.GetProviders (Piedrazul.Api)'
2026-05-02 20:25:44.291 -05:00 [INF] Route matched with {action = "GetProviders", controller = "Public"}. Executing controller action with signature System.Threading.Tasks.Task`1[Microsoft.AspNetCore.Mvc.ActionResult`1[System.Collections.Generic.IReadOnlyList`1[Piedrazul.Application.ProviderSummaryResponse]]] GetProviders(System.Threading.CancellationToken) on controller Piedrazul.Api.Controllers.PublicController (Piedrazul.Api).
2026-05-02 20:25:44.303 -05:00 [INF] Executed DbCommand (2ms) [Parameters=[], CommandType='"Text"', CommandTimeout='30']
SELECT p."Id", p."Code", p."CreatedAtUtc", p."DefaultSlotIntervalMinutes", p."FirstName", p."IsActive", p."LastName", p."Specialty", p."UpdatedAtUtc"
FROM providers AS p
WHERE p."IsActive"
2026-05-02 20:25:44.318 -05:00 [INF] Executing OkObjectResult, writing value of type 'System.Collections.Generic.List`1[[Piedrazul.Application.ProviderSummaryResponse, Piedrazul.Application, Version=1.0.0.0, Culture=neutral, PublicKeyToken=null]]'.
2026-05-02 20:25:44.321 -05:00 [INF] Executed action Piedrazul.Api.Controllers.PublicController.GetProviders (Piedrazul.Api) in 22.1753ms
2026-05-02 20:25:44.326 -05:00 [INF] Request starting HTTP/1.1 GET http://localhost:5184/api/public/providers - null null
2026-05-02 20:25:44.341 -05:00 [INF] Executed endpoint 'Piedrazul.Api.Controllers.PublicController.GetProviders (Piedrazul.Api)'
2026-05-02 20:25:44.356 -05:00 [INF] CORS policy execution successful.
2026-05-02 20:25:44.369 -05:00 [INF] Request finished HTTP/1.1 GET http://localhost:5184/api/public/providers - 200 null application/json; charset=utf-8 103.7553ms
2026-05-02 20:25:44.371 -05:00 [INF] Executing endpoint 'Piedrazul.Api.Controllers.PublicController.GetProviders (Piedrazul.Api)'
2026-05-02 20:25:44.384 -05:00 [INF] Route matched with {action = "GetProviders", controller = "Public"}. Executing controller action with signature System.Threading.Tasks.Task`1[Microsoft.AspNetCore.Mvc.ActionResult`1[System.Collections.Generic.IReadOnlyList`1[Piedrazul.Application.ProviderSummaryResponse]]] GetProviders(System.Threading.CancellationToken) on controller Piedrazul.Api.Controllers.PublicController (Piedrazul.Api).
2026-05-02 20:25:44.434 -05:00 [INF] Executed DbCommand (17ms) [Parameters=[], CommandType='"Text"', CommandTimeout='30']
SELECT p."Id", p."Code", p."CreatedAtUtc", p."DefaultSlotIntervalMinutes", p."FirstName", p."IsActive", p."LastName", p."Specialty", p."UpdatedAtUtc"
FROM providers AS p
WHERE p."IsActive"
2026-05-02 20:25:44.450 -05:00 [INF] Executing OkObjectResult, writing value of type 'System.Collections.Generic.List`1[[Piedrazul.Application.ProviderSummaryResponse, Piedrazul.Application, Version=1.0.0.0, Culture=neutral, PublicKeyToken=null]]'.
2026-05-02 20:25:44.464 -05:00 [INF] Executed action Piedrazul.Api.Controllers.PublicController.GetProviders (Piedrazul.Api) in 49.1006ms
2026-05-02 20:25:44.467 -05:00 [INF] Executed endpoint 'Piedrazul.Api.Controllers.PublicController.GetProviders (Piedrazul.Api)'
2026-05-02 20:25:44.470 -05:00 [INF] Request finished HTTP/1.1 GET http://localhost:5184/api/public/providers - 200 null application/json; charset=utf-8 143.4893ms
2026-05-02 20:26:02.915 -05:00 [INF] Request starting HTTP/1.1 GET http://localhost:5184/api/public/patients/lookup?document=123456789 - null null
2026-05-02 20:26:02.933 -05:00 [INF] CORS policy execution successful.
2026-05-02 20:26:02.945 -05:00 [INF] Executing endpoint 'Piedrazul.Api.Controllers.PublicController.LookupPatient (Piedrazul.Api)'
2026-05-02 20:26:02.949 -05:00 [INF] Route matched with {action = "LookupPatient", controller = "Public"}. Executing controller action with signature System.Threading.Tasks.Task`1[Microsoft.AspNetCore.Mvc.ActionResult`1[Piedrazul.Application.PatientLookupResponse]] LookupPatient(System.String, System.Threading.CancellationToken) on controller Piedrazul.Api.Controllers.PublicController (Piedrazul.Api).
2026-05-02 20:26:03.008 -05:00 [INF] Executed DbCommand (45ms) [Parameters=[@__documentNumber_0='?'], CommandType='"Text"', CommandTimeout='30']
SELECT p."Id", p."BirthDate", p."CreatedAtUtc", p."DocumentNumber", p."Email", p."ExternalUserId", p."FirstName", p."Gender", p."IsGuest", p."LastName", p."Phone", p."UpdatedAtUtc"
FROM patient_profiles AS p
WHERE p."DocumentNumber" = @__documentNumber_0
LIMIT 1
2026-05-02 20:26:03.014 -05:00 [INF] Executing OkObjectResult, writing value of type 'null'.
2026-05-02 20:26:03.016 -05:00 [INF] Executed action Piedrazul.Api.Controllers.PublicController.LookupPatient (Piedrazul.Api) in 56.7255ms
2026-05-02 20:26:03.020 -05:00 [INF] Executed endpoint 'Piedrazul.Api.Controllers.PublicController.LookupPatient (Piedrazul.Api)'
2026-05-02 20:26:03.023 -05:00 [INF] Request finished HTTP/1.1 GET http://localhost:5184/api/public/patients/lookup?document=123456789 - 204 null null 108.3441ms
2026-05-02 20:26:16.854 -05:00 [INF] Request starting HTTP/1.1 GET http://localhost:5184/api/public/patients/lookup?document=12345678 - null null
2026-05-02 20:26:16.870 -05:00 [INF] CORS policy execution successful.
2026-05-02 20:26:16.871 -05:00 [INF] Executing endpoint 'Piedrazul.Api.Controllers.PublicController.LookupPatient (Piedrazul.Api)'
2026-05-02 20:26:16.873 -05:00 [INF] Route matched with {action = "LookupPatient", controller = "Public"}. Executing controller action with signature System.Threading.Tasks.Task`1[Microsoft.AspNetCore.Mvc.ActionResult`1[Piedrazul.Application.PatientLookupResponse]] LookupPatient(System.String, System.Threading.CancellationToken) on controller Piedrazul.Api.Controllers.PublicController (Piedrazul.Api).
2026-05-02 20:26:16.884 -05:00 [INF] Executed DbCommand (2ms) [Parameters=[@__documentNumber_0='?'], CommandType='"Text"', CommandTimeout='30']
SELECT p."Id", p."BirthDate", p."CreatedAtUtc", p."DocumentNumber", p."Email", p."ExternalUserId", p."FirstName", p."Gender", p."IsGuest", p."LastName", p."Phone", p."UpdatedAtUtc"
FROM patient_profiles AS p
WHERE p."DocumentNumber" = @__documentNumber_0
LIMIT 1
2026-05-02 20:26:16.902 -05:00 [INF] Executed DbCommand (12ms) [Parameters=[@__patientId_0='?' (DbType = Guid)], CommandType='"Text"', CommandTimeout='30']
SELECT count(*)::int
FROM appointments AS a
WHERE a."PatientProfileId" = @__patientId_0 AND a."Status" = 'Scheduled'
2026-05-02 20:26:16.906 -05:00 [INF] Executing OkObjectResult, writing value of type 'Piedrazul.Application.PatientLookupResponse'.
2026-05-02 20:26:16.910 -05:00 [INF] Executed action Piedrazul.Api.Controllers.PublicController.LookupPatient (Piedrazul.Api) in 28.5939ms
2026-05-02 20:26:16.912 -05:00 [INF] Executed endpoint 'Piedrazul.Api.Controllers.PublicController.LookupPatient (Piedrazul.Api)'
2026-05-02 20:26:16.916 -05:00 [INF] Request finished HTTP/1.1 GET http://localhost:5184/api/public/patients/lookup?document=12345678 - 200 null application/json; charset=utf-8 61.7689ms
